p/notweapons456.jpg 1 0 0 626 626
p/notweapons457.jpg 1 0 0 626 626
p/notweapons458.jpg 1 0 0 626 626
p/notweapons453.jpg 1 0 0 1136 1388
p/notweapons454.jpg 1 0 0 1136 1388
p/notweapons455.jpg 1 0 0 1136 1388
p/notweapons450.jpg 1 0 0 1899 1424
p/notweapons451.jpg 1 0 0 1899 1424
p/notweapons452.jpg 1 0 0 1899 1424
p/notweapons447.jpg 1 0 0 500 500
p/notweapons448.jpg 1 0 0 500 500
p/notweapons449.jpg 1 0 0 500 500
p/notweapons444.jpg 1 0 0 500 500
p/notweapons445.jpg 1 0 0 500 500
p/notweapons446.jpg 1 0 0 500 500
p/notweapons441.jpg 1 0 0 500 500
p/notweapons442.jpg 1 0 0 500 500
p/notweapons443.jpg 1 0 0 500 500
p/notweapons435.jpg 1 0 0 1000 1000
p/notweapons436.jpg 1 0 0 1000 1000
p/notweapons437.jpg 1 0 0 1000 1000
p/notweapons429.jpg 1 0 0 500 500
p/notweapons430.jpg 1 0 0 500 500
p/notweapons431.jpg 1 0 0 500 500
p/notweapons426.jpg 1 0 0 100 75
p/notweapons427.jpg 1 0 0 100 75
p/notweapons428.jpg 1 0 0 100 75
p/notweapons423.jpg 1 0 0 300 225
p/notweapons424.jpg 1 0 0 300 225
p/notweapons425.jpg 1 0 0 300 225
p/notweapons420.jpg 1 0 0 299 450
p/notweapons421.jpg 1 0 0 299 450
p/notweapons422.jpg 1 0 0 299 450
p/notweapons417.jpg 1 0 0 5000 5000
p/notweapons418.jpg 1 0 0 5000 5000
p/notweapons419.jpg 1 0 0 5000 5000
p/notweapons414.jpg 1 0 0 600 338
p/notweapons415.jpg 1 0 0 600 338
p/notweapons416.jpg 1 0 0 600 338
p/notweapons411.jpg 1 0 0 598 336
p/notweapons412.jpg 1 0 0 598 336
p/notweapons413.jpg 1 0 0 598 336
p/notweapons408.jpg 1 0 0 1300 1390
p/notweapons409.jpg 1 0 0 1300 1390
p/notweapons410.jpg 1 0 0 1300 1390
p/notweapons402.jpg 1 0 0 630 900
p/notweapons403.jpg 1 0 0 630 900
p/notweapons404.jpg 1 0 0 630 900
p/notweapons399.jpg 1 0 0 1300 912
p/notweapons400.jpg 1 0 0 1300 912
p/notweapons401.jpg 1 0 0 1300 912
p/notweapons774.jpg 1 0 0 600 900
p/notweapons775.jpg 1 0 0 600 900
p/notweapons776.jpg 1 0 0 600 900
p/notweapons768.jpg 1 0 0 951 1300
p/notweapons769.jpg 1 0 0 951 1300
p/notweapons770.jpg 1 0 0 951 1300
p/notweapons765.jpg 1 0 0 144 187
p/notweapons766.jpg 1 0 0 144 187
p/notweapons767.jpg 1 0 0 144 187
p/notweapons762.jpg 1 0 0 660 880
p/notweapons763.jpg 1 0 0 660 880
p/notweapons764.jpg 1 0 0 660 880
p/notweapons759.jpg 1 0 0 400 299
p/notweapons760.jpg 1 0 0 400 299
p/notweapons761.jpg 1 0 0 400 299
p/notweapons756.jpg 1 0 0 302 225
p/notweapons757.jpg 1 0 0 302 225
p/notweapons758.jpg 1 0 0 302 225
p/notweapons753.jpg 1 0 0 1300 960
p/notweapons754.jpg 1 0 0 1300 960
p/notweapons755.jpg 1 0 0 1300 960
p/notweapons750.jpg 1 0 0 1024 1024
p/notweapons751.jpg 1 0 0 1024 1024
p/notweapons752.jpg 1 0 0 1024 1024
p/notweapons747.jpg 1 0 0 410 273
p/notweapons748.jpg 1 0 0 410 273
p/notweapons749.jpg 1 0 0 410 273
p/notweapons744.jpg 1 0 0 846 1390
p/notweapons745.jpg 1 0 0 846 1390
p/notweapons746.jpg 1 0 0 846 1390
p/notweapons735.jpg 1 0 0 1300 956
p/notweapons736.jpg 1 0 0 1300 956
p/notweapons737.jpg 1 0 0 1300 956
p/notweapons732.jpg 1 0 0 1030 1300
p/notweapons733.jpg 1 0 0 1030 1300
p/notweapons734.jpg 1 0 0 1030 1300
p/notweapons729.jpg 1 0 0 800 533
p/notweapons730.jpg 1 0 0 800 533
p/notweapons731.jpg 1 0 0 800 533
p/notweapons726.jpg 1 0 0 870 1390
p/notweapons727.jpg 1 0 0 870 1390
p/notweapons728.jpg 1 0 0 870 1390
p/notweapons723.jpg 1 0 0 1200 630
p/notweapons724.jpg 1 0 0 1200 630
p/notweapons725.jpg 1 0 0 1200 630
p/notweapons720.jpg 1 0 0 919 1390
p/notweapons721.jpg 1 0 0 919 1390
p/notweapons722.jpg 1 0 0 919 1390
p/notweapons717.jpg 1 0 0 866 1390
p/notweapons718.jpg 1 0 0 866 1390
p/notweapons719.jpg 1 0 0 866 1390
p/notweapons714.jpg 1 0 0 800 657
p/notweapons715.jpg 1 0 0 800 657
p/notweapons716.jpg 1 0 0 800 657
p/notweapons711.jpg 1 0 0 360 254
p/notweapons712.jpg 1 0 0 360 254
p/notweapons713.jpg 1 0 0 360 254
p/notweapons708.jpg 1 0 0 1066 1689
p/notweapons709.jpg 1 0 0 1066 1689
p/notweapons710.jpg 1 0 0 1066 1689
p/notweapons699.jpg 1 0 0 640 480
p/notweapons700.jpg 1 0 0 640 480
p/notweapons701.jpg 1 0 0 640 480
p/notweapons696.jpg 1 0 0 610 393
p/notweapons697.jpg 1 0 0 610 393
p/notweapons698.jpg 1 0 0 610 393
p/notweapons693.jpg 1 0 0 870 1390
p/notweapons694.jpg 1 0 0 870 1390
p/notweapons695.jpg 1 0 0 870 1390
p/notweapons690.jpg 1 0 0 707 900
p/notweapons691.jpg 1 0 0 707 900
p/notweapons692.jpg 1 0 0 707 900
p/notweapons687.jpg 1 0 0 1200 1200
p/notweapons688.jpg 1 0 0 1200 1200
p/notweapons689.jpg 1 0 0 1200 1200
p/notweapons684.jpg 1 0 0 1100 1025
p/notweapons685.jpg 1 0 0 1100 1025
p/notweapons686.jpg 1 0 0 1100 1025
p/notweapons681.jpg 1 0 0 700 383
p/notweapons682.jpg 1 0 0 700 383
p/notweapons683.jpg 1 0 0 700 383
p/notweapons678.jpg 1 0 0 854 1390
p/notweapons679.jpg 1 0 0 854 1390
p/notweapons680.jpg 1 0 0 854 1390
p/notweapons675.jpg 1 0 0 1200 1199
p/notweapons676.jpg 1 0 0 1200 1199
p/notweapons677.jpg 1 0 0 1200 1199
p/notweapons666.jpg 1 0 0 614 900
p/notweapons667.jpg 1 0 0 614 900
p/notweapons668.jpg 1 0 0 614 900
p/notweapons660.jpg 1 0 0 1920 1080
p/notweapons661.jpg 1 0 0 1920 1080
p/notweapons662.jpg 1 0 0 1920 1080
p/notweapons657.jpg 1 0 0 1009 1532
p/notweapons658.jpg 1 0 0 1009 1532
p/notweapons659.jpg 1 0 0 1009 1532
p/notweapons654.jpg 1 0 0 1500 833
p/notweapons655.jpg 1 0 0 1500 833
p/notweapons656.jpg 1 0 0 1500 833
p/notweapons651.jpg 1 0 0 866 1390
p/notweapons652.jpg 1 0 0 866 1390
p/notweapons653.jpg 1 0 0 866 1390
p/notweapons648.jpg 1 0 0 800 800
p/notweapons649.jpg 1 0 0 800 800
p/notweapons650.jpg 1 0 0 800 800
p/notweapons645.jpg 1 0 0 1300 954
p/notweapons646.jpg 1 0 0 1300 954
p/notweapons647.jpg 1 0 0 1300 954
p/notweapons642.jpg 1 0 0 411 342
p/notweapons643.jpg 1 0 0 411 342
p/notweapons644.jpg 1 0 0 411 342
p/notweapons639.jpg 1 0 0 975 1390
p/notweapons640.jpg 1 0 0 975 1390
p/notweapons641.jpg 1 0 0 975 1390
p/notweapons633.jpg 1 0 0 600 772
p/notweapons634.jpg 1 0 0 600 772
p/notweapons635.jpg 1 0 0 600 772
p/notweapons630.jpg 1 0 0 274 450
p/notweapons631.jpg 1 0 0 274 450
p/notweapons632.jpg 1 0 0 274 450
p/notweapons624.jpg 1 0 0 852 852
p/notweapons625.jpg 1 0 0 852 852
p/notweapons626.jpg 1 0 0 852 852
p/notweapons621.jpg 1 0 0 545 363
p/notweapons622.jpg 1 0 0 545 363
p/notweapons623.jpg 1 0 0 545 363
p/notweapons618.jpg 1 0 0 450 348
p/notweapons619.jpg 1 0 0 450 348
p/notweapons620.jpg 1 0 0 450 348
p/notweapons615.jpg 1 0 0 885 1200
p/notweapons616.jpg 1 0 0 885 1200
p/notweapons617.jpg 1 0 0 885 1200
p/notweapons612.jpg 1 0 0 640 530
p/notweapons613.jpg 1 0 0 640 530
p/notweapons614.jpg 1 0 0 640 530
p/notweapons609.jpg 1 0 0 523 800
p/notweapons610.jpg 1 0 0 523 800
p/notweapons611.jpg 1 0 0 523 800
p/notweapons606.jpg 1 0 0 400 360
p/notweapons607.jpg 1 0 0 400 360
p/notweapons608.jpg 1 0 0 400 360
p/notweapons600.jpg 1 0 0 1137 1173
p/notweapons601.jpg 1 0 0 1137 1173
p/notweapons602.jpg 1 0 0 1137 1173
p/notweapons597.jpg 1 0 0 1300 956
p/notweapons598.jpg 1 0 0 1300 956
p/notweapons599.jpg 1 0 0 1300 956
p/notweapons594.jpg 1 0 0 700 500
p/notweapons595.jpg 1 0 0 700 500
p/notweapons596.jpg 1 0 0 700 500
p/notweapons588.jpg 1 0 0 800 800
p/notweapons589.jpg 1 0 0 800 800
p/notweapons590.jpg 1 0 0 800 800
p/notweapons585.jpg 1 0 0 500 490
p/notweapons586.jpg 1 0 0 500 490
p/notweapons587.jpg 1 0 0 500 490
p/notweapons582.jpg 1 0 0 306 429
p/notweapons583.jpg 1 0 0 306 429
p/notweapons584.jpg 1 0 0 306 429
p/notweapons579.jpg 1 0 0 400 600
p/notweapons580.jpg 1 0 0 400 600
p/notweapons581.jpg 1 0 0 400 600
p/notweapons576.jpg 1 0 0 1110 1240
p/notweapons577.jpg 1 0 0 1110 1240
p/notweapons578.jpg 1 0 0 1110 1240
p/notweapons573.jpg 1 0 0 1080 1128
p/notweapons574.jpg 1 0 0 1080 1128
p/notweapons575.jpg 1 0 0 1080 1128
p/notweapons567.jpg 1 0 0 500 500
p/notweapons568.jpg 1 0 0 500 500
p/notweapons569.jpg 1 0 0 500 500
p/notweapons564.jpg 1 0 0 550 319
p/notweapons565.jpg 1 0 0 550 319
p/notweapons566.jpg 1 0 0 550 319
p/notweapons561.jpg 1 0 0 1568 2100
p/notweapons562.jpg 1 0 0 1568 2100
p/notweapons563.jpg 1 0 0 1568 2100
p/notweapons558.jpg 1 0 0 500 500
p/notweapons559.jpg 1 0 0 500 500
p/notweapons560.jpg 1 0 0 500 500
p/notweapons552.jpg 1 0 0 597 646
p/notweapons553.jpg 1 0 0 597 646
p/notweapons554.jpg 1 0 0 597 646
p/notweapons549.jpg 1 0 0 500 500
p/notweapons550.jpg 1 0 0 500 500
p/notweapons551.jpg 1 0 0 500 500
p/notweapons546.jpg 1 0 0 600 600
p/notweapons547.jpg 1 0 0 600 600
p/notweapons548.jpg 1 0 0 600 600
p/notweapons543.jpg 1 0 0 620 775
p/notweapons544.jpg 1 0 0 620 775
p/notweapons545.jpg 1 0 0 620 775
p/notweapons540.jpg 1 0 0 368 483
p/notweapons541.jpg 1 0 0 368 483
p/notweapons542.jpg 1 0 0 368 483
p/notweapons534.jpg 1 0 0 600 412
p/notweapons535.jpg 1 0 0 600 412
p/notweapons536.jpg 1 0 0 600 412
p/notweapons531.jpg 1 0 0 1665 1200
p/notweapons532.jpg 1 0 0 1665 1200
p/notweapons533.jpg 1 0 0 1665 1200
p/notweapons528.jpg 1 0 0 720 540
p/notweapons529.jpg 1 0 0 720 540
p/notweapons530.jpg 1 0 0 720 540
p/notweapons525.jpg 1 0 0 1100 1100
p/notweapons526.jpg 1 0 0 1100 1100
p/notweapons527.jpg 1 0 0 1100 1100
p/notweapons522.jpg 1 0 0 500 500
p/notweapons523.jpg 1 0 0 500 500
p/notweapons524.jpg 1 0 0 500 500
p/notweapons516.jpg 1 0 0 852 479
p/notweapons517.jpg 1 0 0 852 479
p/notweapons518.jpg 1 0 0 852 479
p/notweapons513.jpg 1 0 0 1412 784
p/notweapons514.jpg 1 0 0 1412 784
p/notweapons515.jpg 1 0 0 1412 784
p/notweapons510.jpg 1 0 0 620 1081
p/notweapons511.jpg 1 0 0 620 1081
p/notweapons512.jpg 1 0 0 620 1081
p/notweapons507.jpg 1 0 0 1200 1200
p/notweapons508.jpg 1 0 0 1200 1200
p/notweapons509.jpg 1 0 0 1200 1200
p/notweapons501.jpg 1 0 0 1280 1047
p/notweapons502.jpg 1 0 0 1280 1047
p/notweapons503.jpg 1 0 0 1280 1047
p/notweapons498.jpg 1 0 0 1920 1080
p/notweapons499.jpg 1 0 0 1920 1080
p/notweapons500.jpg 1 0 0 1920 1080
p/notweapons495.jpg 1 0 0 1000 1000
p/notweapons496.jpg 1 0 0 1000 1000
p/notweapons497.jpg 1 0 0 1000 1000
p/notweapons492.jpg 1 0 0 649 768
p/notweapons493.jpg 1 0 0 649 768
p/notweapons494.jpg 1 0 0 649 768
p/notweapons489.jpg 1 0 0 2272 1704
p/notweapons490.jpg 1 0 0 2272 1704
p/notweapons491.jpg 1 0 0 2272 1704
p/notweapons483.jpg 1 0 0 1600 957
p/notweapons484.jpg 1 0 0 1600 957
p/notweapons485.jpg 1 0 0 1600 957
p/notweapons480.jpg 1 0 0 550 800
p/notweapons481.jpg 1 0 0 550 800
p/notweapons482.jpg 1 0 0 550 800
p/notweapons477.jpg 1 0 0 1000 1000
p/notweapons478.jpg 1 0 0 1000 1000
p/notweapons479.jpg 1 0 0 1000 1000
p/notweapons474.jpg 1 0 0 1920 1080
p/notweapons475.jpg 1 0 0 1920 1080
p/notweapons476.jpg 1 0 0 1920 1080
p/notweapons468.jpg 1 0 0 1080 1080
p/notweapons469.jpg 1 0 0 1080 1080
p/notweapons470.jpg 1 0 0 1080 1080
p/notweapons465.jpg 1 0 0 1044 899
p/notweapons466.jpg 1 0 0 1044 899
p/notweapons467.jpg 1 0 0 1044 899
p/notweapons462.jpg 1 0 0 864 1041
p/notweapons463.jpg 1 0 0 864 1041
p/notweapons464.jpg 1 0 0 864 1041
p/notweapons459.jpg 1 0 0 3024 4032
p/notweapons460.jpg 1 0 0 3024 4032
p/notweapons461.jpg 1 0 0 3024 4032
p/notweapons432.jpg 1 0 0 1000 1199
p/notweapons433.jpg 1 0 0 1000 1199
p/notweapons434.jpg 1 0 0 1000 1199
p/notweapons396.jpg 1 0 0 2009 2009
p/notweapons397.jpg 1 0 0 2009 2009
p/notweapons398.jpg 1 0 0 2009 2009
p/notweapons741.jpg 1 0 0 2388 1204
p/notweapons742.jpg 1 0 0 2388 1204
p/notweapons743.jpg 1 0 0 2388 1204
p/notweapons702.jpg 1 0 0 800 800
p/notweapons703.jpg 1 0 0 800 800
p/notweapons704.jpg 1 0 0 800 800
p/notweapons663.jpg 1 0 0 1200 1200
p/notweapons664.jpg 1 0 0 1200 1200
p/notweapons665.jpg 1 0 0 1200 1200
p/notweapons627.jpg 1 0 0 1536 1957
p/notweapons628.jpg 1 0 0 1536 1957
p/notweapons629.jpg 1 0 0 1536 1957
p/notweapons591.jpg 1 0 0 3781 3455
p/notweapons592.jpg 1 0 0 3781 3455
p/notweapons593.jpg 1 0 0 3781 3455
p/notweapons555.jpg 1 0 0 941 1639
p/notweapons556.jpg 1 0 0 941 1639
p/notweapons557.jpg 1 0 0 941 1639
p/notweapons519.jpg 1 0 0 1011 1702
p/notweapons520.jpg 1 0 0 1011 1702
p/notweapons521.jpg 1 0 0 1011 1702
p/notweapons486.jpg 1 0 0 3000 3000
p/notweapons487.jpg 1 0 0 3000 3000
p/notweapons488.jpg 1 0 0 3000 3000
p/notweapons393.jpg 1 0 0 5184 3456
p/notweapons394.jpg 1 0 0 5184 3456
p/notweapons395.jpg 1 0 0 5184 3456
p/notweapons69.jpg 1 0 0 375 500
p/notweapons70.jpg 1 0 0 375 500
p/notweapons71.jpg 1 0 0 375 500
p/notweapons66.jpg 1 0 0 1241 776
p/notweapons67.jpg 1 0 0 1241 776
p/notweapons68.jpg 1 0 0 1241 776
p/notweapons63.jpg 1 0 0 259 195
p/notweapons64.jpg 1 0 0 259 195
p/notweapons65.jpg 1 0 0 259 195
p/notweapons60.jpg 1 0 0 600 386
p/notweapons61.jpg 1 0 0 600 386
p/notweapons62.jpg 1 0 0 600 386
p/notweapons57.jpg 1 0 0 300 300
p/notweapons58.jpg 1 0 0 300 300
p/notweapons59.jpg 1 0 0 300 300
p/notweapons54.jpg 1 0 0 474 347
p/notweapons55.jpg 1 0 0 474 347
p/notweapons56.jpg 1 0 0 474 347
p/notweapons48.jpg 1 0 0 320 165
p/notweapons49.jpg 1 0 0 320 165
p/notweapons50.jpg 1 0 0 320 165
p/notweapons45.jpg 1 0 0 320 186
p/notweapons46.jpg 1 0 0 320 186
p/notweapons47.jpg 1 0 0 320 186
p/notweapons42.jpg 1 0 0 360 360
p/notweapons43.jpg 1 0 0 360 360
p/notweapons44.jpg 1 0 0 360 360
p/notweapons36.jpg 1 0 0 628 471
p/notweapons37.jpg 1 0 0 628 471
p/notweapons38.jpg 1 0 0 628 471
p/notweapons33.jpg 1 0 0 1300 969
p/notweapons34.jpg 1 0 0 1300 969
p/notweapons35.jpg 1 0 0 1300 969
p/notweapons30.jpg 1 0 0 400 327
p/notweapons31.jpg 1 0 0 400 327
p/notweapons32.jpg 1 0 0 400 327
p/notweapons27.jpg 1 0 0 1200 1200
p/notweapons28.jpg 1 0 0 1200 1200
p/notweapons29.jpg 1 0 0 1200 1200
p/notweapons24.jpg 1 0 0 1920 1080
p/notweapons25.jpg 1 0 0 1920 1080
p/notweapons26.jpg 1 0 0 1920 1080
p/notweapons21.jpg 1 0 0 2560 1920
p/notweapons22.jpg 1 0 0 2560 1920
p/notweapons23.jpg 1 0 0 2560 1920
p/notweapons18.jpg 1 0 0 500 446
p/notweapons19.jpg 1 0 0 500 446
p/notweapons20.jpg 1 0 0 500 446
p/notweapons390.jpg 1 0 0 792 350
p/notweapons391.jpg 1 0 0 792 350
p/notweapons392.jpg 1 0 0 792 350
p/notweapons387.jpg 1 0 0 1300 1158
p/notweapons388.jpg 1 0 0 1300 1158
p/notweapons389.jpg 1 0 0 1300 1158
p/notweapons384.jpg 1 0 0 474 351
p/notweapons385.jpg 1 0 0 474 351
p/notweapons386.jpg 1 0 0 474 351
p/notweapons381.jpg 1 0 0 736 859
p/notweapons382.jpg 1 0 0 736 859
p/notweapons383.jpg 1 0 0 736 859
p/notweapons378.jpg 1 0 0 450 929
p/notweapons379.jpg 1 0 0 450 929
p/notweapons380.jpg 1 0 0 450 929
p/notweapons375.jpg 1 0 0 1300 700
p/notweapons376.jpg 1 0 0 1300 700
p/notweapons377.jpg 1 0 0 1300 700
p/notweapons369.jpg 1 0 0 957 1300
p/notweapons370.jpg 1 0 0 957 1300
p/notweapons371.jpg 1 0 0 957 1300
p/notweapons366.jpg 1 0 0 1300 810
p/notweapons367.jpg 1 0 0 1300 810
p/notweapons368.jpg 1 0 0 1300 810
p/notweapons363.jpg 1 0 0 800 657
p/notweapons364.jpg 1 0 0 800 657
p/notweapons365.jpg 1 0 0 800 657
p/notweapons360.jpg 1 0 0 213 300
p/notweapons361.jpg 1 0 0 213 300
p/notweapons362.jpg 1 0 0 213 300
p/notweapons354.jpg 1 0 0 1097 1045
p/notweapons355.jpg 1 0 0 1097 1045
p/notweapons356.jpg 1 0 0 1097 1045
p/notweapons351.jpg 1 0 0 144 187
p/notweapons352.jpg 1 0 0 144 187
p/notweapons353.jpg 1 0 0 144 187
p/notweapons348.jpg 1 0 0 650 650
p/notweapons349.jpg 1 0 0 650 650
p/notweapons350.jpg 1 0 0 650 650
p/notweapons345.jpg 1 0 0 770 513
p/notweapons346.jpg 1 0 0 770 513
p/notweapons347.jpg 1 0 0 770 513
p/notweapons342.jpg 1 0 0 450 661
p/notweapons343.jpg 1 0 0 450 661
p/notweapons344.jpg 1 0 0 450 661
p/notweapons333.jpg 1 0 0 544 980
p/notweapons334.jpg 1 0 0 544 980
p/notweapons335.jpg 1 0 0 544 980
p/notweapons330.jpg 1 0 0 1500 1125
p/notweapons331.jpg 1 0 0 1500 1125
p/notweapons332.jpg 1 0 0 1500 1125
p/notweapons327.jpg 1 0 0 432 432
p/notweapons328.jpg 1 0 0 432 432
p/notweapons329.jpg 1 0 0 432 432
p/notweapons324.jpg 1 0 0 855 600
p/notweapons325.jpg 1 0 0 855 600
p/notweapons326.jpg 1 0 0 855 600
p/notweapons321.jpg 1 0 0 236 196
p/notweapons322.jpg 1 0 0 236 196
p/notweapons323.jpg 1 0 0 236 196
p/notweapons315.jpg 1 0 0 1100 1036
p/notweapons316.jpg 1 0 0 1100 1036
p/notweapons317.jpg 1 0 0 1100 1036
p/notweapons312.jpg 1 0 0 550 543
p/notweapons313.jpg 1 0 0 550 543
p/notweapons314.jpg 1 0 0 550 543
p/notweapons309.jpg 1 0 0 800 442
p/notweapons310.jpg 1 0 0 800 442
p/notweapons311.jpg 1 0 0 800 442
p/notweapons306.jpg 1 0 0 500 409
p/notweapons307.jpg 1 0 0 500 409
p/notweapons308.jpg 1 0 0 500 409
p/notweapons300.jpg 1 0 0 1280 720
p/notweapons301.jpg 1 0 0 1280 720
p/notweapons302.jpg 1 0 0 1280 720
p/notweapons297.jpg 1 0 0 866 1390
p/notweapons298.jpg 1 0 0 866 1390
p/notweapons299.jpg 1 0 0 866 1390
p/notweapons294.jpg 1 0 0 957 1300
p/notweapons295.jpg 1 0 0 957 1300
p/notweapons296.jpg 1 0 0 957 1300
p/notweapons291.jpg 1 0 0 200 150
p/notweapons292.jpg 1 0 0 200 150
p/notweapons293.jpg 1 0 0 200 150
p/notweapons288.jpg 1 0 0 1293 879
p/notweapons289.jpg 1 0 0 1293 879
p/notweapons290.jpg 1 0 0 1293 879
p/notweapons285.jpg 1 0 0 450 927
p/notweapons286.jpg 1 0 0 450 927
p/notweapons287.jpg 1 0 0 450 927
p/notweapons279.jpg 1 0 0 700 572
p/notweapons280.jpg 1 0 0 700 572
p/notweapons281.jpg 1 0 0 700 572
p/notweapons276.jpg 1 0 0 1470 1051
p/notweapons277.jpg 1 0 0 1470 1051
p/notweapons278.jpg 1 0 0 1470 1051
p/notweapons273.jpg 1 0 0 736 736
p/notweapons274.jpg 1 0 0 736 736
p/notweapons275.jpg 1 0 0 736 736
p/notweapons267.jpg 1 0 0 640 530
p/notweapons268.jpg 1 0 0 640 530
p/notweapons269.jpg 1 0 0 640 530
p/notweapons264.jpg 1 0 0 400 210
p/notweapons265.jpg 1 0 0 400 210
p/notweapons266.jpg 1 0 0 400 210
p/notweapons261.jpg 1 0 0 523 800
p/notweapons262.jpg 1 0 0 523 800
p/notweapons263.jpg 1 0 0 523 800
p/notweapons258.jpg 1 0 0 450 919
p/notweapons259.jpg 1 0 0 450 919
p/notweapons260.jpg 1 0 0 450 919
p/notweapons255.jpg 1 0 0 1920 1080
p/notweapons256.jpg 1 0 0 1920 1080
p/notweapons257.jpg 1 0 0 1920 1080
p/notweapons252.jpg 1 0 0 450 635
p/notweapons253.jpg 1 0 0 450 635
p/notweapons254.jpg 1 0 0 450 635
p/notweapons249.jpg 1 0 0 450 595
p/notweapons250.jpg 1 0 0 450 595
p/notweapons251.jpg 1 0 0 450 595
p/notweapons243.jpg 1 0 0 600 361
p/notweapons244.jpg 1 0 0 600 361
p/notweapons245.jpg 1 0 0 600 361
p/notweapons240.jpg 1 0 0 1600 1200
p/notweapons241.jpg 1 0 0 1600 1200
p/notweapons242.jpg 1 0 0 1600 1200
p/notweapons234.jpg 1 0 0 450 504
p/notweapons235.jpg 1 0 0 450 504
p/notweapons236.jpg 1 0 0 450 504
p/notweapons231.jpg 1 0 0 880 660
p/notweapons232.jpg 1 0 0 880 660
p/notweapons233.jpg 1 0 0 880 660
p/notweapons228.jpg 1 0 0 1213 820
p/notweapons229.jpg 1 0 0 1213 820
p/notweapons230.jpg 1 0 0 1213 820
p/notweapons225.jpg 1 0 0 441 600
p/notweapons226.jpg 1 0 0 441 600
p/notweapons227.jpg 1 0 0 441 600
p/notweapons222.jpg 1 0 0 1300 956
p/notweapons223.jpg 1 0 0 1300 956
p/notweapons224.jpg 1 0 0 1300 956
p/notweapons219.jpg 1 0 0 600 900
p/notweapons220.jpg 1 0 0 600 900
p/notweapons221.jpg 1 0 0 600 900
p/notweapons216.jpg 1 0 0 768 576
p/notweapons217.jpg 1 0 0 768 576
p/notweapons218.jpg 1 0 0 768 576
p/notweapons213.jpg 1 0 0 1820 1024
p/notweapons214.jpg 1 0 0 1820 1024
p/notweapons215.jpg 1 0 0 1820 1024
p/notweapons207.jpg 1 0 0 500 500
p/notweapons208.jpg 1 0 0 500 500
p/notweapons209.jpg 1 0 0 500 500
p/notweapons201.jpg 1 0 0 1280 960
p/notweapons202.jpg 1 0 0 1280 960
p/notweapons203.jpg 1 0 0 1280 960
p/notweapons198.jpg 1 0 0 1086 610
p/notweapons199.jpg 1 0 0 1086 610
p/notweapons200.jpg 1 0 0 1086 610
p/notweapons195.jpg 1 0 0 740 719
p/notweapons196.jpg 1 0 0 740 719
p/notweapons197.jpg 1 0 0 740 719
p/notweapons192.jpg 1 0 0 450 874
p/notweapons193.jpg 1 0 0 450 874
p/notweapons194.jpg 1 0 0 450 874
p/notweapons189.jpg 1 0 0 800 720
p/notweapons190.jpg 1 0 0 800 720
p/notweapons191.jpg 1 0 0 800 720
p/notweapons186.jpg 1 0 0 753 897
p/notweapons187.jpg 1 0 0 753 897
p/notweapons188.jpg 1 0 0 753 897
p/notweapons183.jpg 1 0 0 1000 1000
p/notweapons184.jpg 1 0 0 1000 1000
p/notweapons185.jpg 1 0 0 1000 1000
p/notweapons180.jpg 1 0 0 490 679
p/notweapons181.jpg 1 0 0 490 679
p/notweapons182.jpg 1 0 0 490 679
p/notweapons177.jpg 1 0 0 765 863
p/notweapons178.jpg 1 0 0 765 863
p/notweapons179.jpg 1 0 0 765 863
p/notweapons168.jpg 1 0 0 1920 1080
p/notweapons169.jpg 1 0 0 1920 1080
p/notweapons170.jpg 1 0 0 1920 1080
p/notweapons165.jpg 1 0 0 1000 1000
p/notweapons166.jpg 1 0 0 1000 1000
p/notweapons167.jpg 1 0 0 1000 1000
p/notweapons162.jpg 1 0 0 1086 726
p/notweapons163.jpg 1 0 0 1086 726
p/notweapons164.jpg 1 0 0 1086 726
p/notweapons159.jpg 1 0 0 2272 1704
p/notweapons160.jpg 1 0 0 2272 1704
p/notweapons161.jpg 1 0 0 2272 1704
p/notweapons156.jpg 1 0 0 1024 768
p/notweapons157.jpg 1 0 0 1024 768
p/notweapons158.jpg 1 0 0 1024 768
p/notweapons153.jpg 1 0 0 3863 2987
p/notweapons154.jpg 1 0 0 3863 2987
p/notweapons155.jpg 1 0 0 3863 2987
p/notweapons150.jpg 1 0 0 1200 1200
p/notweapons151.jpg 1 0 0 1200 1200
p/notweapons152.jpg 1 0 0 1200 1200
p/notweapons147.jpg 1 0 0 660 990
p/notweapons148.jpg 1 0 0 660 990
p/notweapons149.jpg 1 0 0 660 990
p/notweapons144.jpg 1 0 0 1600 1200
p/notweapons145.jpg 1 0 0 1600 1200
p/notweapons146.jpg 1 0 0 1600 1200
p/notweapons141.jpg 1 0 0 1988 2715
p/notweapons142.jpg 1 0 0 1988 2715
p/notweapons143.jpg 1 0 0 1988 2715
p/notweapons132.jpg 1 0 0 864 1041
p/notweapons133.jpg 1 0 0 864 1041
p/notweapons134.jpg 1 0 0 864 1041
p/notweapons129.jpg 1 0 0 550 800
p/notweapons130.jpg 1 0 0 550 800
p/notweapons131.jpg 1 0 0 550 800
p/notweapons126.jpg 1 0 0 2024 1620
p/notweapons127.jpg 1 0 0 2024 1620
p/notweapons128.jpg 1 0 0 2024 1620
p/notweapons123.jpg 1 0 0 1920 1080
p/notweapons124.jpg 1 0 0 1920 1080
p/notweapons125.jpg 1 0 0 1920 1080
p/notweapons120.jpg 1 0 0 1474 1081
p/notweapons121.jpg 1 0 0 1474 1081
p/notweapons122.jpg 1 0 0 1474 1081
p/notweapons117.jpg 1 0 0 1024 683
p/notweapons118.jpg 1 0 0 1024 683
p/notweapons119.jpg 1 0 0 1024 683
p/notweapons114.jpg 1 0 0 2000 1332
p/notweapons115.jpg 1 0 0 2000 1332
p/notweapons116.jpg 1 0 0 2000 1332
p/notweapons111.jpg 1 0 0 635 867
p/notweapons112.jpg 1 0 0 635 867
p/notweapons113.jpg 1 0 0 635 867
p/notweapons108.jpg 1 0 0 800 800
p/notweapons109.jpg 1 0 0 800 800
p/notweapons110.jpg 1 0 0 800 800
p/notweapons102.jpg 1 0 0 3485 2614
p/notweapons103.jpg 1 0 0 3485 2614
p/notweapons104.jpg 1 0 0 3485 2614
p/notweapons96.jpg 1 0 0 828 1052
p/notweapons97.jpg 1 0 0 828 1052
p/notweapons98.jpg 1 0 0 828 1052
p/notweapons93.jpg 1 0 0 2048 1222
p/notweapons94.jpg 1 0 0 2048 1222
p/notweapons95.jpg 1 0 0 2048 1222
p/notweapons90.jpg 1 0 0 1536 1070
p/notweapons91.jpg 1 0 0 1536 1070
p/notweapons92.jpg 1 0 0 1536 1070
p/notweapons87.jpg 1 0 0 1024 516
p/notweapons88.jpg 1 0 0 1024 516
p/notweapons89.jpg 1 0 0 1024 516
p/notweapons84.jpg 1 0 0 4288 2848
p/notweapons85.jpg 1 0 0 4288 2848
p/notweapons86.jpg 1 0 0 4288 2848
p/notweapons81.jpg 1 0 0 1600 1200
p/notweapons82.jpg 1 0 0 1600 1200
p/notweapons83.jpg 1 0 0 1600 1200
p/notweapons78.jpg 1 0 0 941 1639
p/notweapons79.jpg 1 0 0 941 1639
p/notweapons80.jpg 1 0 0 941 1639
p/notweapons75.jpg 1 0 0 1080 1080
p/notweapons76.jpg 1 0 0 1080 1080
p/notweapons77.jpg 1 0 0 1080 1080
p/notweapons51.jpg 1 0 0 800 800
p/notweapons52.jpg 1 0 0 800 800
p/notweapons53.jpg 1 0 0 800 800
p/notweapons15.jpg 1 0 0 800 651
p/notweapons16.jpg 1 0 0 800 651
p/notweapons17.jpg 1 0 0 800 651
p/notweapons357.jpg 1 0 0 800 478
p/notweapons358.jpg 1 0 0 800 478
p/notweapons359.jpg 1 0 0 800 478
p/notweapons318.jpg 1 0 0 903 1204
p/notweapons319.jpg 1 0 0 903 1204
p/notweapons320.jpg 1 0 0 903 1204
p/notweapons282.jpg 1 0 0 1800 1200
p/notweapons283.jpg 1 0 0 1800 1200
p/notweapons284.jpg 1 0 0 1800 1200
p/notweapons246.jpg 1 0 0 1011 1702
p/notweapons247.jpg 1 0 0 1011 1702
p/notweapons248.jpg 1 0 0 1011 1702
p/notweapons210.jpg 1 0 0 1280 1280
p/notweapons211.jpg 1 0 0 1280 1280
p/notweapons212.jpg 1 0 0 1280 1280
p/notweapons174.jpg 1 0 0 1800 1800
p/notweapons175.jpg 1 0 0 1800 1800
p/notweapons176.jpg 1 0 0 1800 1800
p/notweapons135.jpg 1 0 0 3781 3455
p/notweapons136.jpg 1 0 0 3781 3455
p/notweapons137.jpg 1 0 0 3781 3455
p/notweapons100.jpg 1 0 0 941 1639
p/notweapons101.jpg 1 0 0 941 1639
p/notweapons99.jpg 1 0 0 941 1639
p/notweapons12.jpg 1 0 0 981 933
p/notweapons13.jpg 1 0 0 981 933
p/notweapons14.jpg 1 0 0 981 933
p/notweapons669.jpg 1 0 0 1080 1080
p/notweapons670.jpg 1 0 0 1080 1080
p/notweapons671.jpg 1 0 0 1080 1080
p/notweapons336.jpg 1 0 0 1300 925
p/notweapons337.jpg 1 0 0 1300 925
p/notweapons338.jpg 1 0 0 1300 925
p/notweapons10.jpg 1 0 0 794 794
p/notweapons11.jpg 1 0 0 794 794
p/notweapons9.jpg 1 0 0 794 794
p/notweapons990.jpg 1 0 0 1300 1390
p/notweapons991.jpg 1 0 0 1300 1390
p/notweapons992.jpg 1 0 0 1300 1390
p/notweapons987.jpg 1 0 0 504 292
p/notweapons988.jpg 1 0 0 504 292
p/notweapons989.jpg 1 0 0 504 292
p/notweapons984.jpg 1 0 0 400 400
p/notweapons985.jpg 1 0 0 400 400
p/notweapons986.jpg 1 0 0 400 400
p/notweapons981.jpg 1 0 0 325 280
p/notweapons982.jpg 1 0 0 325 280
p/notweapons983.jpg 1 0 0 325 280
p/notweapons978.jpg 1 0 0 1200 1600
p/notweapons979.jpg 1 0 0 1200 1600
p/notweapons980.jpg 1 0 0 1200 1600
p/notweapons975.jpg 1 0 0 1300 1390
p/notweapons976.jpg 1 0 0 1300 1390
p/notweapons977.jpg 1 0 0 1300 1390
p/notweapons972.jpg 1 0 0 700 420
p/notweapons973.jpg 1 0 0 700 420
p/notweapons974.jpg 1 0 0 700 420
p/notweapons969.jpg 1 0 0 180 195
p/notweapons970.jpg 1 0 0 180 195
p/notweapons971.jpg 1 0 0 180 195
p/notweapons966.jpg 1 0 0 880 780
p/notweapons967.jpg 1 0 0 880 780
p/notweapons968.jpg 1 0 0 880 780
p/notweapons957.jpg 1 0 0 980 980
p/notweapons958.jpg 1 0 0 980 980
p/notweapons959.jpg 1 0 0 980 980
p/notweapons954.jpg 1 0 0 5000 5000
p/notweapons955.jpg 1 0 0 5000 5000
p/notweapons956.jpg 1 0 0 5000 5000
p/notweapons951.jpg 1 0 0 1000 1333
p/notweapons952.jpg 1 0 0 1000 1333
p/notweapons953.jpg 1 0 0 1000 1333
p/notweapons948.jpg 1 0 0 1300 956
p/notweapons949.jpg 1 0 0 1300 956
p/notweapons950.jpg 1 0 0 1300 956
p/notweapons945.jpg 1 0 0 525 358
p/notweapons946.jpg 1 0 0 525 358
p/notweapons947.jpg 1 0 0 525 358
p/notweapons942.jpg 1 0 0 180 195
p/notweapons943.jpg 1 0 0 180 195
p/notweapons944.jpg 1 0 0 180 195
p/notweapons939.jpg 1 0 0 376 346
p/notweapons940.jpg 1 0 0 376 346
p/notweapons941.jpg 1 0 0 376 346
p/notweapons936.jpg 1 0 0 318 450
p/notweapons937.jpg 1 0 0 318 450
p/notweapons938.jpg 1 0 0 318 450
p/notweapons933.jpg 1 0 0 600 600
p/notweapons934.jpg 1 0 0 600 600
p/notweapons935.jpg 1 0 0 600 600
p/notweapons930.jpg 1 0 0 1300 1090
p/notweapons931.jpg 1 0 0 1300 1090
p/notweapons932.jpg 1 0 0 1300 1090
p/notweapons921.jpg 1 0 0 1300 1018
p/notweapons922.jpg 1 0 0 1300 1018
p/notweapons923.jpg 1 0 0 1300 1018
p/notweapons918.jpg 1 0 0 1300 962
p/notweapons919.jpg 1 0 0 1300 962
p/notweapons920.jpg 1 0 0 1300 962
p/notweapons915.jpg 1 0 0 690 600
p/notweapons916.jpg 1 0 0 690 600
p/notweapons917.jpg 1 0 0 690 600
p/notweapons912.jpg 1 0 0 550 550
p/notweapons913.jpg 1 0 0 550 550
p/notweapons914.jpg 1 0 0 550 550
p/notweapons909.jpg 1 0 0 1920 1080
p/notweapons910.jpg 1 0 0 1920 1080
p/notweapons911.jpg 1 0 0 1920 1080
p/notweapons906.jpg 1 0 0 736 720
p/notweapons907.jpg 1 0 0 736 720
p/notweapons908.jpg 1 0 0 736 720
p/notweapons903.jpg 1 0 0 853 480
p/notweapons904.jpg 1 0 0 853 480
p/notweapons905.jpg 1 0 0 853 480
p/notweapons900.jpg 1 0 0 654 337
p/notweapons901.jpg 1 0 0 654 337
p/notweapons902.jpg 1 0 0 654 337
p/notweapons897.jpg 1 0 0 254 194
p/notweapons898.jpg 1 0 0 254 194
p/notweapons899.jpg 1 0 0 254 194
p/notweapons891.jpg 1 0 0 160 160
p/notweapons892.jpg 1 0 0 160 160
p/notweapons893.jpg 1 0 0 160 160
p/notweapons885.jpg 1 0 0 1300 956
p/notweapons886.jpg 1 0 0 1300 956
p/notweapons887.jpg 1 0 0 1300 956
p/notweapons882.jpg 1 0 0 1920 1080
p/notweapons883.jpg 1 0 0 1920 1080
p/notweapons884.jpg 1 0 0 1920 1080
p/notweapons879.jpg 1 0 0 2048 1476
p/notweapons880.jpg 1 0 0 2048 1476
p/notweapons881.jpg 1 0 0 2048 1476
p/notweapons876.jpg 1 0 0 347 239
p/notweapons877.jpg 1 0 0 347 239
p/notweapons878.jpg 1 0 0 347 239
p/notweapons873.jpg 1 0 0 900 900
p/notweapons874.jpg 1 0 0 900 900
p/notweapons875.jpg 1 0 0 900 900
p/notweapons870.jpg 1 0 0 218 300
p/notweapons871.jpg 1 0 0 218 300
p/notweapons872.jpg 1 0 0 218 300
p/notweapons867.jpg 1 0 0 1300 925
p/notweapons868.jpg 1 0 0 1300 925
p/notweapons869.jpg 1 0 0 1300 925
p/notweapons864.jpg 1 0 0 1300 1390
p/notweapons865.jpg 1 0 0 1300 1390
p/notweapons866.jpg 1 0 0 1300 1390
p/notweapons858.jpg 1 0 0 800 800
p/notweapons859.jpg 1 0 0 800 800
p/notweapons860.jpg 1 0 0 800 800
p/notweapons855.jpg 1 0 0 1280 720
p/notweapons856.jpg 1 0 0 1280 720
p/notweapons857.jpg 1 0 0 1280 720
p/notweapons849.jpg 1 0 0 626 626
p/notweapons850.jpg 1 0 0 626 626
p/notweapons851.jpg 1 0 0 626 626
p/notweapons846.jpg 1 0 0 1280 720
p/notweapons847.jpg 1 0 0 1280 720
p/notweapons848.jpg 1 0 0 1280 720
p/notweapons843.jpg 1 0 0 640 573
p/notweapons844.jpg 1 0 0 640 573
p/notweapons845.jpg 1 0 0 640 573
p/notweapons840.jpg 1 0 0 800 800
p/notweapons841.jpg 1 0 0 800 800
p/notweapons842.jpg 1 0 0 800 800
p/notweapons837.jpg 1 0 0 1920 1080
p/notweapons838.jpg 1 0 0 1920 1080
p/notweapons839.jpg 1 0 0 1920 1080
p/notweapons834.jpg 1 0 0 453 254
p/notweapons835.jpg 1 0 0 453 254
p/notweapons836.jpg 1 0 0 453 254
p/notweapons831.jpg 1 0 0 2133 1200
p/notweapons832.jpg 1 0 0 2133 1200
p/notweapons833.jpg 1 0 0 2133 1200
p/notweapons825.jpg 1 0 0 269 194
p/notweapons826.jpg 1 0 0 269 194
p/notweapons827.jpg 1 0 0 269 194
p/notweapons822.jpg 1 0 0 600 495
p/notweapons823.jpg 1 0 0 600 495
p/notweapons824.jpg 1 0 0 600 495
p/notweapons819.jpg 1 0 0 1920 1080
p/notweapons820.jpg 1 0 0 1920 1080
p/notweapons821.jpg 1 0 0 1920 1080
p/notweapons813.jpg 1 0 0 400 400
p/notweapons814.jpg 1 0 0 400 400
p/notweapons815.jpg 1 0 0 400 400
p/notweapons810.jpg 1 0 0 600 600
p/notweapons811.jpg 1 0 0 600 600
p/notweapons812.jpg 1 0 0 600 600
p/notweapons807.jpg 1 0 0 357 499
p/notweapons808.jpg 1 0 0 357 499
p/notweapons809.jpg 1 0 0 357 499
p/notweapons804.jpg 1 0 0 600 315
p/notweapons805.jpg 1 0 0 600 315
p/notweapons806.jpg 1 0 0 600 315
p/notweapons801.jpg 1 0 0 600 337
p/notweapons802.jpg 1 0 0 600 337
p/notweapons803.jpg 1 0 0 600 337
p/notweapons798.jpg 1 0 0 250 234
p/notweapons799.jpg 1 0 0 250 234
p/notweapons800.jpg 1 0 0 250 234
p/notweapons792.jpg 1 0 0 600 600
p/notweapons793.jpg 1 0 0 600 600
p/notweapons794.jpg 1 0 0 600 600
p/notweapons789.jpg 1 0 0 200 200
p/notweapons790.jpg 1 0 0 200 200
p/notweapons791.jpg 1 0 0 200 200
p/notweapons786.jpg 1 0 0 600 900
p/notweapons787.jpg 1 0 0 600 900
p/notweapons788.jpg 1 0 0 600 900
p/notweapons783.jpg 1 0 0 362 254
p/notweapons784.jpg 1 0 0 362 254
p/notweapons785.jpg 1 0 0 362 254
p/notweapons777.jpg 1 0 0 1919 1080
p/notweapons778.jpg 1 0 0 1919 1080
p/notweapons779.jpg 1 0 0 1919 1080
p/notweapons771.jpg 1 0 0 626 626
p/notweapons772.jpg 1 0 0 626 626
p/notweapons773.jpg 1 0 0 626 626
p/notweapons738.jpg 1 0 0 1200 874
p/notweapons739.jpg 1 0 0 1200 874
p/notweapons740.jpg 1 0 0 1200 874
p/notweapons705.jpg 1 0 0 1919 1080
p/notweapons706.jpg 1 0 0 1919 1080
p/notweapons707.jpg 1 0 0 1919 1080
p/notweapons672.jpg 1 0 0 1200 1200
p/notweapons673.jpg 1 0 0 1200 1200
p/notweapons674.jpg 1 0 0 1200 1200
p/notweapons636.jpg 1 0 0 2133 1200
p/notweapons637.jpg 1 0 0 2133 1200
p/notweapons638.jpg 1 0 0 2133 1200
p/notweapons603.jpg 1 0 0 1300 1065
p/notweapons604.jpg 1 0 0 1300 1065
p/notweapons605.jpg 1 0 0 1300 1065
p/notweapons570.jpg 1 0 0 1300 1390
p/notweapons571.jpg 1 0 0 1300 1390
p/notweapons572.jpg 1 0 0 1300 1390
p/notweapons537.jpg 1 0 0 554 370
p/notweapons538.jpg 1 0 0 554 370
p/notweapons539.jpg 1 0 0 554 370
p/notweapons504.jpg 1 0 0 1919 1080
p/notweapons505.jpg 1 0 0 1919 1080
p/notweapons506.jpg 1 0 0 1919 1080
p/notweapons438.jpg 1 0 0 756 900
p/notweapons439.jpg 1 0 0 756 900
p/notweapons440.jpg 1 0 0 756 900
p/notweapons405.jpg 1 0 0 640 459
p/notweapons406.jpg 1 0 0 640 459
p/notweapons407.jpg 1 0 0 640 459
p/notweapons372.jpg 1 0 0 600 338
p/notweapons373.jpg 1 0 0 600 338
p/notweapons374.jpg 1 0 0 600 338
p/notweapons339.jpg 1 0 0 1948 1312
p/notweapons340.jpg 1 0 0 1948 1312
p/notweapons341.jpg 1 0 0 1948 1312
p/notweapons303.jpg 1 0 0 600 339
p/notweapons304.jpg 1 0 0 600 339
p/notweapons305.jpg 1 0 0 600 339
p/notweapons270.jpg 1 0 0 1300 1390
p/notweapons271.jpg 1 0 0 1300 1390
p/notweapons272.jpg 1 0 0 1300 1390
p/notweapons237.jpg 1 0 0 1919 1080
p/notweapons238.jpg 1 0 0 1919 1080
p/notweapons239.jpg 1 0 0 1919 1080
p/notweapons204.jpg 1 0 0 1919 1080
p/notweapons205.jpg 1 0 0 1919 1080
p/notweapons206.jpg 1 0 0 1919 1080
p/notweapons171.jpg 1 0 0 1200 800
p/notweapons172.jpg 1 0 0 1200 800
p/notweapons173.jpg 1 0 0 1200 800
p/notweapons138.jpg 1 0 0 800 800
p/notweapons139.jpg 1 0 0 800 800
p/notweapons140.jpg 1 0 0 800 800
p/notweapons72.jpg 1 0 0 160 160
p/notweapons73.jpg 1 0 0 160 160
p/notweapons74.jpg 1 0 0 160 160
p/notweapons39.jpg 1 0 0 626 626
p/notweapons40.jpg 1 0 0 626 626
p/notweapons41.jpg 1 0 0 626 626
p/notweapons6.jpg 1 0 0 626 626
p/notweapons7.jpg 1 0 0 626 626
p/notweapons8.jpg 1 0 0 626 626
p/notweapons960.jpg 1 0 0 1300 956
p/notweapons961.jpg 1 0 0 1300 956
p/notweapons962.jpg 1 0 0 1300 956
p/notweapons927.jpg 1 0 0 565 800
p/notweapons928.jpg 1 0 0 565 800
p/notweapons929.jpg 1 0 0 565 800
p/notweapons894.jpg 1 0 0 980 648
p/notweapons895.jpg 1 0 0 980 648
p/notweapons896.jpg 1 0 0 980 648
p/notweapons861.jpg 1 0 0 1300 1390
p/notweapons862.jpg 1 0 0 1300 1390
p/notweapons863.jpg 1 0 0 1300 1390
p/notweapons828.jpg 1 0 0 1280 853
p/notweapons829.jpg 1 0 0 1280 853
p/notweapons830.jpg 1 0 0 1280 853
p/notweapons795.jpg 1 0 0 1920 1080
p/notweapons796.jpg 1 0 0 1920 1080
p/notweapons797.jpg 1 0 0 1920 1080
p/notweapons3.jpg 1 0 0 1920 1080
p/notweapons4.jpg 1 0 0 1920 1080
p/notweapons5.jpg 1 0 0 1920 1080
p/notweapons963.jpg 1 0 0 1920 1080
p/notweapons964.jpg 1 0 0 1920 1080
p/notweapons965.jpg 1 0 0 1920 1080
p/notweapons924.jpg 1 0 0 443 700
p/notweapons925.jpg 1 0 0 443 700
p/notweapons926.jpg 1 0 0 443 700
p/notweapons888.jpg 1 0 0 1200 1200
p/notweapons889.jpg 1 0 0 1200 1200
p/notweapons890.jpg 1 0 0 1200 1200
p/notweapons852.jpg 1 0 0 700 700
p/notweapons853.jpg 1 0 0 700 700
p/notweapons854.jpg 1 0 0 700 700
p/notweapons816.jpg 1 0 0 2121 1192
p/notweapons817.jpg 1 0 0 2121 1192
p/notweapons818.jpg 1 0 0 2121 1192
p/notweapons780.jpg 1 0 0 1300 1082
p/notweapons781.jpg 1 0 0 1300 1082
p/notweapons782.jpg 1 0 0 1300 1082
p/notweapons471.jpg 1 0 0 1200 1200
p/notweapons472.jpg 1 0 0 1200 1200
p/notweapons473.jpg 1 0 0 1200 1200
p/notweapons105.jpg 1 0 0 1300 1082
p/notweapons106.jpg 1 0 0 1300 1082
p/notweapons107.jpg 1 0 0 1300 1082
p/notweapons0.jpg 1 0 0 626 626
p/notweapons1.jpg 1 0 0 626 626
p/notweapons2.jpg 1 0 0 626 626