p/1680944056798.jpg 1 0 0 1024 683
p/1680944056796.jpg 1 0 0 800 493
p/1680944056795.jpg 1 0 0 4032 1960
p/1680944056794.jpg 1 0 0 446 310
p/1680944056792.jpg 1 0 0 1300 1390
p/1680944056790.jpg 1 0 0 800 532
p/1680944056787.jpg 1 0 0 4032 3024
p/1680944056786.jpg 1 0 0 3024 4032
p/1680944056784.jpg 1 0 0 475 273
p/1680944056782.jpg 1 0 0 5344 3006
p/1680944056780.jpg 1 0 0 3024 4032
p/1680944056779.jpg 1 0 0 4032 3024
p/1680944056777.jpg 1 0 0 1536 2048
p/1680944056776.jpg 1 0 0 1200 1600
p/1680944056774.jpg 1 0 0 3024 4032
p/1680944056773.jpg 1 0 0 1433 809
p/1680944056767.jpg 1 0 0 1920 700
p/1680944056765.jpg 1 0 0 850 531
p/1680944056763.jpg 1 0 0 6000 4000
p/1680944056761.jpg 1 0 0 709 470
p/1680944056759.jpg 1 0 0 450 253
p/1680944056757.jpg 1 0 0 770 513
p/1680944056755.jpg 1 0 0 380 285
p/1680944056753.jpg 1 0 0 473 355
p/1680944056751.jpg 1 0 0 620 410
p/1680944056748.jpg 1 0 0 1300 957
p/1680944056744.jpg 1 0 0 1560 1040
p/1680944056742.jpg 1 0 0 2000 1000
p/1680944056740.jpg 1 0 0 300 300
p/1680944056739.jpg 1 0 0 1024 768
p/1680944056737.jpg 1 0 0 1024 1551
p/1680944056735.jpg 1 0 0 3024 4032
p/1680944056733.jpg 1 0 0 640 480
p/1680944056731.jpg 1 0 0 400 175
p/1680944056729.jpg 1 0 0 3072 4096
p/1680944056727.jpg 1 0 0 640 365
p/1680944056722.jpg 1 0 0 1600 900
p/1680944056719.jpg 1 0 0 601 900
p/1680944056718.jpg 1 0 0 1920 1080
p/1680944056716.jpg 1 0 0 512 512
p/1680944056714.jpg 1 0 0 2880 1920
p/1680944056713.jpg 1 0 0 1300 957
p/1680944056711.jpg 1 0 0 1023 683
p/1680944056709.jpg 1 0 0 1300 961
p/1680944056707.jpg 1 0 0 600 310
p/1680944056706.jpg 1 0 0 3264 2448
p/1680944056702.jpg 1 0 0 863 1390
p/1680944056699.jpg 1 0 0 600 900
p/1680944056698.jpg 1 0 0 960 575
p/1680944056696.jpg 1 0 0 800 655
p/1680944056694.jpg 1 0 0 3966 2227
p/1680944056691.jpg 1 0 0 600 400
p/1680944056689.jpg 1 0 0 1300 956
p/1680944056686.jpg 1 0 0 470 292
p/1680944056685.jpg 1 0 0 640 400
p/1680944056683.jpg 1 0 0 910 607
p/1680944056679.jpg 1 0 0 1000 667
p/1680944056677.jpg 1 0 0 640 507
p/1680944056675.jpg 1 0 0 794 524
p/1680944056673.jpg 1 0 0 800 533
p/1680944056671.jpg 1 0 0 1600 670
p/1680944056669.jpg 1 0 0 3105 1959
p/1680944056667.jpg 1 0 0 604 453
p/1680944056664.jpg 1 0 0 1200 775
p/1680944056662.jpg 1 0 0 590 308
p/1680944056661.jpg 1 0 0 300 200
p/1680944056656.jpg 1 0 0 1600 669
p/1680944056654.jpg 1 0 0 800 533
p/1680944056652.jpg 1 0 0 863 1390
p/1680944056650.jpg 1 0 0 1300 956
p/1680944056648.jpg 1 0 0 1050 788
p/1680944056647.jpg 1 0 0 1280 720
p/1680944056644.jpg 1 0 0 600 900
p/1680944056643.jpg 1 0 0 1280 960
p/1680944056640.jpg 1 0 0 736 981
p/1680944056638.jpg 1 0 0 610 401
p/1680944056634.jpg 1 0 0 1920 1278
p/1680944056632.jpg 1 0 0 1600 1155
p/1680944056630.jpg 1 0 0 1280 720
p/1680944056628.jpg 1 0 0 650 366
p/1680944056626.jpg 1 0 0 1024 791
p/1680944056624.jpg 1 0 0 3696 2308
p/1680944056621.jpg 1 0 0 800 608
p/1680944056619.jpg 1 0 0 2048 1536
p/1680944056616.jpg 1 0 0 595 357
p/1680944056614.jpg 1 0 0 2048 1380
p/1680944056609.jpg 1 0 0 1680 1050
p/1680944056607.jpg 1 0 0 657 439
p/1680944056605.jpg 1 0 0 1300 957
p/1680944056602.jpg 1 0 0 800 532
p/1680944056600.jpg 1 0 0 1600 1154
p/1680944056598.jpg 1 0 0 1920 1080
p/1680944056595.jpg 1 0 0 2121 1414
p/1680944056594.jpg 1 0 0 1280 1380
p/1680944056592.jpg 1 0 0 1280 720
p/1680944056590.jpg 1 0 0 595 335
p/1680944056586.jpg 1 0 0 1920 1080
p/1680944056583.jpg 1 0 0 500 332
p/1680944056580.jpg 1 0 0 1920 1200
p/1680944056579.jpg 1 0 0 3200 2133
p/1680944056577.jpg 1 0 0 1600 786
p/1680944056576.jpg 1 0 0 1920 1280
p/1680944056574.jpg 1 0 0 1000 665
p/1680944056572.jpg 1 0 0 1000 560
p/1680944056569.jpg 1 0 0 1600 1000
p/1680944056568.jpg 1 0 0 1460 911
p/1680944056564.jpg 1 0 0 660 440
p/1680944056561.jpg 1 0 0 2048 1536
p/1680944056560.jpg 1 0 0 1600 1272
p/1680944056558.jpg 1 0 0 3000 1682
p/1680944056557.jpg 1 0 0 4256 2832
p/1680944056554.jpg 1 0 0 948 533
p/1680944056552.jpg 1 0 0 950 640
p/1680944056550.jpg 1 0 0 1200 630
p/1680944056549.jpg 1 0 0 1599 1066
p/1680944056547.jpg 1 0 0 2000 1439
p/1680944056541.jpg 1 0 0 900 484
p/1680944056538.jpg 1 0 0 1000 878
p/1680944056536.jpg 1 0 0 1400 788
p/1680944056329.jpg 1 0 0 600 600
p/1680944056326.jpg 1 0 0 1080 1080
p/1680944056323.jpg 1 0 0 1080 1080
p/1680944056321.jpg 1 0 0 1000 1000
p/1680944056319.jpg 1 0 0 768 768
p/1680944056314.jpg 1 0 0 2000 2000
p/1680944056312.jpg 1 0 0 2000 2000
p/1680944056310.jpg 1 0 0 1024 1024
p/1680944056308.jpg 1 0 0 512 512
p/1680944056306.jpg 1 0 0 1200 1200
p/1680944056303.jpg 1 0 0 640 480
p/1680944056300.jpg 1 0 0 600 810
p/1680944056298.jpg 1 0 0 525 700
p/1680944056296.jpg 1 0 0 384 512
p/1680944056294.jpg 1 0 0 736 552
p/1680944056288.jpg 1 0 0 481 269
p/1680944056284.jpg 1 0 0 1953 2187
p/1680944056283.jpg 1 0 0 568 568
p/1680944056275.jpg 1 0 0 640 229
p/1680944056274.jpg 1 0 0 619 559
p/1680944056272.jpg 1 0 0 650 310
p/1680944056270.jpg 1 0 0 600 450
p/1680944056268.jpg 1 0 0 541 359
p/1680944056267.jpg 1 0 0 891 450
p/1680944056264.jpg 1 0 0 1500 1000
p/1680944056261.jpg 1 0 0 736 552
p/1680944056258.jpg 1 0 0 736 718
p/1680944056257.jpg 1 0 0 500 324
p/1680944056255.jpg 1 0 0 800 528
p/1680944056253.jpg 1 0 0 1536 1536
p/1680944056250.jpg 1 0 0 1300 957
p/1680944056248.jpg 1 0 0 450 450
p/1680944056247.jpg 1 0 0 480 640
p/1680944056244.jpg 1 0 0 200 150
p/1680944056243.jpg 1 0 0 736 736
p/1680944056238.jpg 1 0 0 800 600
p/1680944056236.jpg 1 0 0 736 981
p/1680944056233.jpg 1 0 0 600 400
p/1680944056230.jpg 1 0 0 600 400
p/1680944056228.jpg 1 0 0 1920 1080
p/1680944056225.jpg 1 0 0 1024 768
p/1680944056223.jpg 1 0 0 736 920
p/1680944056221.jpg 1 0 0 1000 558
p/1680944056219.jpg 1 0 0 1736 2456
p/1680944056216.jpg 1 0 0 612 612
p/1680944056212.jpg 1 0 0 1024 768
p/1680944056210.jpg 1 0 0 600 456
p/1680944056207.jpg 1 0 0 2500 1667
p/1680944056205.jpg 1 0 0 1024 1024
p/1680944056201.jpg 1 0 0 576 814
p/1680944056198.jpg 1 0 0 1024 768
p/1680944056196.jpg 1 0 0 506 382
p/1680944056193.jpg 1 0 0 1429 953
p/1680944056190.jpg 1 0 0 2052 1492
p/1680944056188.jpg 1 0 0 640 312
p/1680944056181.jpg 1 0 0 750 591
p/1680944056178.jpg 1 0 0 600 450
p/1680944056174.jpg 1 0 0 736 736
p/1680944056171.jpg 1 0 0 768 705
p/1680944056169.jpg 1 0 0 400 250
p/1680944056167.jpg 1 0 0 500 332
p/1680944056165.jpg 1 0 0 1280 720
p/1680944056163.jpg 1 0 0 831 440
p/1680944056160.jpg 1 0 0 1000 1000
p/1680944056158.jpg 1 0 0 600 600
p/1680944056154.jpg 1 0 0 1280 720
p/1680944056152.jpg 1 0 0 2253 1690
p/1680944056149.jpg 1 0 0 1280 960
p/1680944056147.jpg 1 0 0 600 408
p/1680944056144.jpg 1 0 0 800 530
p/1680944056142.jpg 1 0 0 921 487
p/1680944056139.jpg 1 0 0 800 533
p/1680944056137.jpg 1 0 0 736 736
p/1680944056134.jpg 1 0 0 1383 1261
p/1680944056132.jpg 1 0 0 1024 667
p/1680944056127.jpg 1 0 0 736 920
p/1680944056125.jpg 1 0 0 784 593
p/1680944056123.jpg 1 0 0 1950 702
p/1680944056120.jpg 1 0 0 736 736
p/1680944056118.jpg 1 0 0 736 736
p/1680944056116.jpg 1 0 0 720 900
p/1680944056115.jpg 1 0 0 736 768
p/1680944056113.jpg 1 0 0 735 490
p/1680944056111.jpg 1 0 0 1365 2048
p/1680944056109.jpg 1 0 0 1280 720
p/1680944056103.jpg 1 0 0 1620 1080
p/1680944056101.jpg 1 0 0 600 534
p/1680944056099.jpg 1 0 0 719 889
p/1680944056097.jpg 1 0 0 1536 1152
p/1680944056096.jpg 1 0 0 700 538
p/1680944056093.jpg 1 0 0 3984 1552
p/1680944056092.jpg 1 0 0 1600 904
p/1680944056089.jpg 1 0 0 1200 900
p/1680944056087.jpg 1 0 0 3008 2000
p/1680944056084.jpg 1 0 0 3024 4032
p/1680944056081.jpg 1 0 0 770 514
p/1680944056078.jpg 1 0 0 2211 1592
p/1680944056076.jpg 1 0 0 2000 1334
p/1680944056072.jpg 1 0 0 704 1207
p/1680944056069.jpg 1 0 0 735 587
p/1680944056066.jpg 1 0 0 800 522
p/1680944056064.jpg 1 0 0 720 960
p/1680944056061.jpg 1 0 0 736 736
p/1680944056060.jpg 1 0 0 5312 2988
p/1680944056057.jpg 1 0 0 718 898
p/1680944056053.jpg 1 0 0 1024 768
p/1680944056050.jpg 1 0 0 1024 682
p/1680944056048.jpg 1 0 0 3540 2082
p/1680944056045.jpg 1 0 0 1000 667
p/1680944056043.jpg 1 0 0 2000 1334
p/1680944056041.jpg 1 0 0 564 797
p/1680944056039.jpg 1 0 0 800 598
p/1680944056037.jpg 1 0 0 2560 1714
p/1680944056035.jpg 1 0 0 1536 1536
p/1680944056033.jpg 1 0 0 1471 1080
p/1680944057713.jpg 1 0 0 1086 610
p/1680944057712.jpg 1 0 0 745 420
p/1680944057710.jpg 1 0 0 1200 1200
p/1680944057709.jpg 1 0 0 1200 1200
p/1680944057708.jpg 1 0 0 597 1000
p/1680944057706.jpg 1 0 0 1200 800
p/1680944057705.jpg 1 0 0 1920 1080
p/1680944057704.jpg 1 0 0 4596 2370
p/1680944057702.jpg 1 0 0 1350 900
p/1680944057701.jpg 1 0 0 1080 1080
p/1680944057698.jpg 1 0 0 2250 850
p/1680944057697.jpg 1 0 0 2048 1536
p/1680944057695.jpg 1 0 0 1080 546
p/1680944057694.jpg 1 0 0 1200 1200
p/1680944057693.jpg 1 0 0 5312 2205
p/1680944057691.jpg 1 0 0 1800 1800
p/1680944057680.jpg 1 0 0 2699 2007
p/1680944057664.jpg 1 0 0 5184 3456
p/1680944057649.jpg 1 0 0 3000 2250
p/1680944057633.jpg 1 0 0 5184 3456
p/1680944057614.jpg 1 0 0 1464 910
p/1680944057597.jpg 1 0 0 1800 1800
p/1680944057581.jpg 1 0 0 5184 3456
p/1680944057564.jpg 1 0 0 1988 1088
p/1680944057551.jpg 1 0 0 5184 3456
p/1680944057535.jpg 1 0 0 960 919
p/1680944057515.jpg 1 0 0 5184 3456
p/1680944057494.jpg 1 0 0 2592 1944
p/1680944057472.jpg 1 0 0 1200 1200
p/1680944057451.jpg 1 0 0 1350 1006
p/1680944057425.jpg 1 0 0 5184 3456
p/1680944057400.jpg 1 0 0 1600 1000
p/1680944057373.jpg 1 0 0 1464 910
p/1680944057347.jpg 1 0 0 5184 3456
p/1680944057324.jpg 1 0 0 1910 1073
p/1680944057298.jpg 1 0 0 2000 1376
p/1680944057275.jpg 1 0 0 960 1011
p/1680944057251.jpg 1 0 0 5184 3456
p/1680944057221.jpg 1 0 0 1200 980
p/1680944057196.jpg 1 0 0 2048 1363
p/1680944057170.jpg 1 0 0 1850 2000
p/1680944057146.jpg 1 0 0 4059 2803
p/1680944057119.jpg 1 0 0 4000 3000
p/1680944057092.jpg 1 0 0 2560 2048
p/1680944057063.jpg 1 0 0 660 440
p/1680944057035.jpg 1 0 0 1426 947
p/1680944057011.jpg 1 0 0 1280 960
p/1680944056989.jpg 1 0 0 1920 1080
p/1680944056969.jpg 1 0 0 1024 657
p/1680944056949.jpg 1 0 0 2400 1500
p/1680944056929.jpg 1 0 0 1200 1200
p/1680944056913.jpg 1 0 0 1538 516
p/1680944056894.jpg 1 0 0 650 530
p/1680944056877.jpg 1 0 0 1280 978
p/1680944056863.jpg 1 0 0 1024 834
p/1680944056845.jpg 1 0 0 901 565
p/1680944056827.jpg 1 0 0 2448 3264
p/1680944056807.jpg 1 0 0 1087 734
p/1680944056789.jpg 1 0 0 735 490
p/1680944056771.jpg 1 0 0 2048 1123
p/1680944056724.jpg 1 0 0 800 598
p/1680944056703.jpg 1 0 0 2365 854
p/1680944056681.jpg 1 0 0 1280 1024
p/1680944056659.jpg 1 0 0 1555 875
p/1680944056636.jpg 1 0 0 2048 1362
p/1680944056612.jpg 1 0 0 2048 1536
p/1680944056587.jpg 1 0 0 2896 1944
p/1680944056566.jpg 1 0 0 1920 1164
p/1680944056545.jpg 1 0 0 1920 1080
p/1680944056522.jpg 1 0 0 900 332
p/1680944056499.jpg 1 0 0 1920 897
p/1680944056473.jpg 1 0 0 1752 1168
p/1680944056448.jpg 1 0 0 1920 1080
p/1680944056422.jpg 1 0 0 1920 1080
p/1680944056396.jpg 1 0 0 1680 1050
p/1680944056369.jpg 1 0 0 1920 1200
p/1680944056343.jpg 1 0 0 4032 3024
p/1680944056317.jpg 1 0 0 2362 770
p/1680944056292.jpg 1 0 0 1920 1193
p/1680944056263.jpg 1 0 0 5184 3456
p/1680944056242.jpg 1 0 0 1920 1280
p/1680944056214.jpg 1 0 0 2048 1152
p/1680944056185.jpg 1 0 0 1920 1489
p/1680944056156.jpg 1 0 0 1620 1080
p/1680944056130.jpg 1 0 0 1280 1024
p/1680944056105.jpg 1 0 0 2560 1635
p/1680944056083.jpg 1 0 0 2048 1536
p/1680944056055.jpg 1 0 0 1200 675
p/1680944056030.jpg 1 0 0 1920 1200
p/1680944057700.jpg 1 0 0 1600 1067
p/1680944057632.jpg 1 0 0 1680 1260
p/1680944057449.jpg 1 0 0 1920 1200
p/1680944057194.jpg 1 0 0 2048 1473
p/1680944056947.jpg 1 0 0 2880 1800
p/1680944056770.jpg 1 0 0 3456 2304
p/1680944056543.jpg 1 0 0 2832 2128
p/1680944056290.jpg 1 0 0 3367 2497
p/1680944056027.jpg 1 0 0 2246 1498
p/1680944057192.jpg 1 0 0 1200 855
p/1680944057190.jpg 1 0 0 3049 2439
p/1680944057187.jpg 1 0 0 1001 1001
p/1680944057185.jpg 1 0 0 1000 375
p/1680944057184.jpg 1 0 0 750 1000
p/1680944057181.jpg 1 0 0 640 1138
p/1680944057178.jpg 1 0 0 640 480
p/1680944057176.jpg 1 0 0 650 455
p/1680944057174.jpg 1 0 0 1200 1200
p/1680944057172.jpg 1 0 0 1750 2500
p/1680944057168.jpg 1 0 0 2448 3264
p/1680944057165.jpg 1 0 0 3433 2480
p/1680944057163.jpg 1 0 0 1440 911
p/1680944057161.jpg 1 0 0 758 361
p/1680944057158.jpg 1 0 0 2800 1880
p/1680944057156.jpg 1 0 0 2000 1333
p/1680944057154.jpg 1 0 0 2000 1333
p/1680944057152.jpg 1 0 0 600 410
p/1680944057149.jpg 1 0 0 800 380
p/1680944057147.jpg 1 0 0 1200 628
p/1680944057144.jpg 1 0 0 2100 1500
p/1680944057140.jpg 1 0 0 740 373
p/1680944057138.jpg 1 0 0 1600 1600
p/1680944057135.jpg 1 0 0 650 433
p/1680944057133.jpg 1 0 0 650 488
p/1680944057131.jpg 1 0 0 2048 777
p/1680944057129.jpg 1 0 0 800 457
p/1680944057127.jpg 1 0 0 2373 1264
p/1680944057123.jpg 1 0 0 2917 1677
p/1680944057121.jpg 1 0 0 1200 754
p/1680944057117.jpg 1 0 0 1024 640
p/1680944057115.jpg 1 0 0 3280 1494
p/1680944057112.jpg 1 0 0 4000 2040
p/1680944057110.jpg 1 0 0 1280 730
p/1680944057107.jpg 1 0 0 1920 1098
p/1680944057105.jpg 1 0 0 1920 1098
p/1680944057103.jpg 1 0 0 2000 1333
p/1680944057101.jpg 1 0 0 2048 1090
p/1680944057098.jpg 1 0 0 1152 864
p/1680944057096.jpg 1 0 0 1500 1074
p/1680944057090.jpg 1 0 0 1485 630
p/1680944057087.jpg 1 0 0 600 441
p/1680944057085.jpg 1 0 0 5182 1899
p/1680944057082.jpg 1 0 0 1500 997
p/1680944057078.jpg 1 0 0 740 388
p/1680944057075.jpg 1 0 0 1500 837
p/1680944057073.jpg 1 0 0 1152 864
p/1680944057070.jpg 1 0 0 2048 1085
p/1680944057068.jpg 1 0 0 1600 910
p/1680944057065.jpg 1 0 0 740 581
p/1680944057060.jpg 1 0 0 1500 2100
p/1680944057057.jpg 1 0 0 2048 972
p/1680944057054.jpg 1 0 0 960 700
p/1680944057052.jpg 1 0 0 2560 1920
p/1680944057049.jpg 1 0 0 1600 1437
p/1680944057047.jpg 1 0 0 1600 900
p/1680944057044.jpg 1 0 0 3545 1707
p/1680944057042.jpg 1 0 0 5514 2150
p/1680944057040.jpg 1 0 0 1500 1000
p/1680944057037.jpg 1 0 0 2000 1118
p/1680944057033.jpg 1 0 0 2048 1532
p/1680944057030.jpg 1 0 0 5270 2527
p/1680944057028.jpg 1 0 0 2048 1536
p/1680944057026.jpg 1 0 0 2560 1069
p/1680944057024.jpg 1 0 0 1600 815
p/1680944057021.jpg 1 0 0 1024 768
p/1680944057019.jpg 1 0 0 1100 714
p/1680944057017.jpg 1 0 0 1600 1051
p/1680944057015.jpg 1 0 0 2000 1229
p/1680944057013.jpg 1 0 0 1500 844
p/1680944057009.jpg 1 0 0 1616 1080
p/1680944057006.jpg 1 0 0 1920 1080
p/1680944057005.jpg 1 0 0 1920 1281
p/1680944057003.jpg 1 0 0 1500 1071
p/1680944057001.jpg 1 0 0 1024 683
p/1680944056999.jpg 1 0 0 1500 1000
p/1680944056997.jpg 1 0 0 2816 1880
p/1680944056995.jpg 1 0 0 3008 2000
p/1680944056993.jpg 1 0 0 2800 2136
p/1680944056991.jpg 1 0 0 4368 2912
p/1680944056987.jpg 1 0 0 2250 1461
p/1680944056985.jpg 1 0 0 4608 2994
p/1680944056983.jpg 1 0 0 2099 1679
p/1680944056981.jpg 1 0 0 1600 1074
p/1680944056980.jpg 1 0 0 2048 1366
p/1680944056978.jpg 1 0 0 3442 2154
p/1680944057690.jpg 1 0 0 800 432
p/1680944057689.jpg 1 0 0 1280 720
p/1680944057687.jpg 1 0 0 640 630
p/1680944057686.jpg 1 0 0 2400 1350
p/1680944057685.jpg 1 0 0 1024 634
p/1680944057683.jpg 1 0 0 960 720
p/1680944057682.jpg 1 0 0 740 394
p/1680944057679.jpg 1 0 0 1000 667
p/1680944057677.jpg 1 0 0 2559 1706
p/1680944057676.jpg 1 0 0 1350 900
p/1680944057674.jpg 1 0 0 1300 612
p/1680944057673.jpg 1 0 0 1300 650
p/1680944057672.jpg 1 0 0 1000 667
p/1680944057670.jpg 1 0 0 640 876
p/1680944057668.jpg 1 0 0 2700 1350
p/1680944057666.jpg 1 0 0 800 800
p/1680944057665.jpg 1 0 0 1280 720
p/1680944057662.jpg 1 0 0 1000 667
p/1680944057661.jpg 1 0 0 1437 1128
p/1680944057660.jpg 1 0 0 3042 1158
p/1680944057658.jpg 1 0 0 3024 4032
p/1680944057656.jpg 1 0 0 2048 1365
p/1680944057655.jpg 1 0 0 2700 1350
p/1680944057653.jpg 1 0 0 1361 746
p/1680944057652.jpg 1 0 0 3648 2736
p/1680944057651.jpg 1 0 0 1500 955
p/1680944057650.jpg 1 0 0 1000 667
p/1680944057647.jpg 1 0 0 1000 1000
p/1680944057646.jpg 1 0 0 8585 2000
p/1680944057645.jpg 1 0 0 2592 1944
p/1680944057643.jpg 1 0 0 1920 1080
p/1680944057642.jpg 1 0 0 1500 1156
p/1680944057640.jpg 1 0 0 1024 652
p/1680944057639.jpg 1 0 0 4416 1360
p/1680944057637.jpg 1 0 0 1800 1060
p/1680944057636.jpg 1 0 0 2400 1350
p/1680944057635.jpg 1 0 0 4272 2442
p/1680944057630.jpg 1 0 0 1200 800
p/1680944057628.jpg 1 0 0 2400 1350
p/1680944057626.jpg 1 0 0 1024 768
p/1680944057625.jpg 1 0 0 1600 930
p/1680944057623.jpg 1 0 0 1200 777
p/1680944057622.jpg 1 0 0 1300 866
p/1680944057620.jpg 1 0 0 6000 4000
p/1680944057619.jpg 1 0 0 5184 3456
p/1680944057617.jpg 1 0 0 1170 610
p/1680944057616.jpg 1 0 0 7860 2608
p/1680944057613.jpg 1 0 0 1600 975
p/1680944057611.jpg 1 0 0 2057 1491
p/1680944057609.jpg 1 0 0 1600 900
p/1680944057608.jpg 1 0 0 1800 1014
p/1680944057607.jpg 1 0 0 1200 658
p/1680944057605.jpg 1 0 0 1000 667
p/1680944057603.jpg 1 0 0 1600 928
p/1680944057602.jpg 1 0 0 3224 2156
p/1680944057601.jpg 1 0 0 1280 853
p/1680944057599.jpg 1 0 0 2000 1125
p/1680944057596.jpg 1 0 0 1900 1266
p/1680944057594.jpg 1 0 0 1800 1230
p/1680944057593.jpg 1 0 0 5312 2988
p/1680944057591.jpg 1 0 0 1500 806
p/1680944057590.jpg 1 0 0 2000 1250
p/1680944057588.jpg 1 0 0 1555 1089
p/1680944057587.jpg 1 0 0 3478 1698
p/1680944057585.jpg 1 0 0 1200 797
p/1680944057584.jpg 1 0 0 2000 1500
p/1680944057582.jpg 1 0 0 4160 2080
p/1680944057579.jpg 1 0 0 4944 2408
p/1680944057577.jpg 1 0 0 3264 2448
p/1680944057576.jpg 1 0 0 1800 1200
p/1680944057574.jpg 1 0 0 1200 822
p/1680944057572.jpg 1 0 0 4266 2842
p/1680944057571.jpg 1 0 0 1490 878
p/1680944057569.jpg 1 0 0 1200 800
p/1680944057568.jpg 1 0 0 2048 957
p/1680944057567.jpg 1 0 0 1280 1024
p/1680944057566.jpg 1 0 0 1800 1241
p/1680944057563.jpg 1 0 0 1280 720
p/1680944057562.jpg 1 0 0 2000 1333
p/1680944057561.jpg 1 0 0 1920 1080
p/1680944057559.jpg 1 0 0 1500 1000
p/1680944057558.jpg 1 0 0 1920 1080
p/1680944057557.jpg 1 0 0 2000 1333
p/1680944057555.jpg 1 0 0 1500 1125
p/1680944057554.jpg 1 0 0 1024 819
p/1680944057553.jpg 1 0 0 4608 2899
p/1680944056535.jpg 1 0 0 800 413
p/1680944056533.jpg 1 0 0 630 354
p/1680944056531.jpg 1 0 0 804 804
p/1680944056530.jpg 1 0 0 393 720
p/1680944056529.jpg 1 0 0 3264 2448
p/1680944056526.jpg 1 0 0 2816 2112
p/1680944056523.jpg 1 0 0 1253 1099
p/1680944056520.jpg 1 0 0 3888 2592
p/1680944056518.jpg 1 0 0 4000 3000
p/1680944056516.jpg 1 0 0 500 282
p/1680944056514.jpg 1 0 0 4000 2040
p/1680944056512.jpg 1 0 0 800 530
p/1680944056510.jpg 1 0 0 700 525
p/1680944056507.jpg 1 0 0 1280 720
p/1680944056505.jpg 1 0 0 736 711
p/1680944056503.jpg 1 0 0 1000 1000
p/1680944056501.jpg 1 0 0 736 736
p/1680944056497.jpg 1 0 0 2000 1767
p/1680944056495.jpg 1 0 0 1920 1080
p/1680944056493.jpg 1 0 0 910 827
p/1680944056490.jpg 1 0 0 686 888
p/1680944056488.jpg 1 0 0 550 712
p/1680944056485.jpg 1 0 0 740 428
p/1680944056482.jpg 1 0 0 1024 768
p/1680944056480.jpg 1 0 0 1600 910
p/1680944056477.jpg 1 0 0 1024 768
p/1680944056475.jpg 1 0 0 1024 576
p/1680944056470.jpg 1 0 0 1024 768
p/1680944056468.jpg 1 0 0 2124 1412
p/1680944056464.jpg 1 0 0 1021 640
p/1680944056463.jpg 1 0 0 564 429
p/1680944056461.jpg 1 0 0 576 500
p/1680944056458.jpg 1 0 0 1280 904
p/1680944056455.jpg 1 0 0 1000 516
p/1680944056454.jpg 1 0 0 1280 849
p/1680944056451.jpg 1 0 0 4145 2272
p/1680944056449.jpg 1 0 0 1800 1200
p/1680944056445.jpg 1 0 0 650 310
p/1680944056443.jpg 1 0 0 800 450
p/1680944056441.jpg 1 0 0 736 736
p/1680944056439.jpg 1 0 0 1024 768
p/1680944056435.jpg 1 0 0 740 510
p/1680944056433.jpg 1 0 0 736 972
p/1680944056431.jpg 1 0 0 1600 1000
p/1680944056428.jpg 1 0 0 1800 1008
p/1680944056426.jpg 1 0 0 740 681
p/1680944056424.jpg 1 0 0 913 479
p/1680944056420.jpg 1 0 0 700 400
p/1680944056417.jpg 1 0 0 1920 1080
p/1680944056413.jpg 1 0 0 4128 2322
p/1680944056411.jpg 1 0 0 694 694
p/1680944056409.jpg 1 0 0 986 555
p/1680944056407.jpg 1 0 0 736 736
p/1680944056405.jpg 1 0 0 3264 1832
p/1680944056403.jpg 1 0 0 2000 1328
p/1680944056400.jpg 1 0 0 1200 800
p/1680944056398.jpg 1 0 0 1500 1118
p/1680944056394.jpg 1 0 0 736 1173
p/1680944056391.jpg 1 0 0 1536 1024
p/1680944056388.jpg 1 0 0 2211 1592
p/1680944056385.jpg 1 0 0 1000 750
p/1680944056383.jpg 1 0 0 1600 1200
p/1680944056380.jpg 1 0 0 800 800
p/1680944056378.jpg 1 0 0 736 736
p/1680944056376.jpg 1 0 0 1024 768
p/1680944056373.jpg 1 0 0 2000 1000
p/1680944056371.jpg 1 0 0 1024 576
p/1680944056366.jpg 1 0 0 2250 1461
p/1680944056363.jpg 1 0 0 1920 1080
p/1680944056361.jpg 1 0 0 800 555
p/1680944056359.jpg 1 0 0 640 640
p/1680944056356.jpg 1 0 0 900 600
p/1680944056354.jpg 1 0 0 1600 1067
p/1680944056352.jpg 1 0 0 2048 1536
p/1680944056349.jpg 1 0 0 4000 4000
p/1680944056347.jpg 1 0 0 1920 1280
p/1680944056345.jpg 1 0 0 2560 1600
p/1680944056341.jpg 1 0 0 1920 1200
p/1680944056338.jpg 1 0 0 2560 1600
p/1680944056336.jpg 1 0 0 2000 1333
p/1680944056334.jpg 1 0 0 1920 1200
p/1680944056331.jpg 1 0 0 1600 915
p/1680944056976.jpg 1 0 0 1600 1200
p/1680944056974.jpg 1 0 0 1024 768
p/1680944056972.jpg 1 0 0 1500 837
p/1680944056971.jpg 1 0 0 1170 780
p/1680944056967.jpg 1 0 0 5184 3456
p/1680944056965.jpg 1 0 0 1024 1024
p/1680944056963.jpg 1 0 0 5185 2843
p/1680944056961.jpg 1 0 0 1600 1440
p/1680944056960.jpg 1 0 0 960 640
p/1680944056958.jpg 1 0 0 1024 749
p/1680944056956.jpg 1 0 0 1280 952
p/1680944056954.jpg 1 0 0 800 713
p/1680944056952.jpg 1 0 0 1200 1200
p/1680944056951.jpg 1 0 0 4704 3328
p/1680944056945.jpg 1 0 0 4922 3493
p/1680944056943.jpg 1 0 0 595 270
p/1680944056941.jpg 1 0 0 2560 2048
p/1680944056940.jpg 1 0 0 1200 821
p/1680944056938.jpg 1 0 0 1080 1102
p/1680944056936.jpg 1 0 0 1800 1200
p/1680944056935.jpg 1 0 0 1280 720
p/1680944056934.jpg 1 0 0 2688 1792
p/1680944056933.jpg 1 0 0 1096 710
p/1680944056931.jpg 1 0 0 1200 800
p/1680944056928.jpg 1 0 0 6720 4480
p/1680944056926.jpg 1 0 0 650 530
p/1680944056925.jpg 1 0 0 1703 1127
p/1680944056924.jpg 1 0 0 1920 1308
p/1680944056922.jpg 1 0 0 1280 720
p/1680944056921.jpg 1 0 0 1280 960
p/1680944056919.jpg 1 0 0 536 420
p/1680944056917.jpg 1 0 0 958 754
p/1680944056915.jpg 1 0 0 640 480
p/1680944056914.jpg 1 0 0 2000 1000
p/1680944056911.jpg 1 0 0 850 748
p/1680944056910.jpg 1 0 0 640 524
p/1680944056908.jpg 1 0 0 1872 1084
p/1680944056905.jpg 1 0 0 631 631
p/1680944056904.jpg 1 0 0 900 600
p/1680944056902.jpg 1 0 0 1200 800
p/1680944056901.jpg 1 0 0 1050 769
p/1680944056899.jpg 1 0 0 3234 2587
p/1680944056898.jpg 1 0 0 1600 900
p/1680944056896.jpg 1 0 0 1536 1152
p/1680944056892.jpg 1 0 0 1155 1155
p/1680944056891.jpg 1 0 0 1920 1280
p/1680944056889.jpg 1 0 0 2000 1000
p/1680944056888.jpg 1 0 0 2400 1800
p/1680944056886.jpg 1 0 0 1847 1547
p/1680944056885.jpg 1 0 0 1800 1200
p/1680944056883.jpg 1 0 0 1500 1097
p/1680944056882.jpg 1 0 0 1100 825
p/1680944056880.jpg 1 0 0 1500 1000
p/1680944056878.jpg 1 0 0 1200 808
p/1680944056876.jpg 1 0 0 1555 1189
p/1680944056874.jpg 1 0 0 1600 900
p/1680944056873.jpg 1 0 0 792 639
p/1680944056872.jpg 1 0 0 1350 1051
p/1680944056870.jpg 1 0 0 1024 1024
p/1680944056869.jpg 1 0 0 1600 1200
p/1680944056868.jpg 1 0 0 1066 816
p/1680944056867.jpg 1 0 0 1000 667
p/1680944056866.jpg 1 0 0 1100 643
p/1680944056865.jpg 1 0 0 1000 667
p/1680944057552.jpg 1 0 0 1024 770
p/1680944057549.jpg 1 0 0 3901 2537
p/1680944057548.jpg 1 0 0 1280 720
p/1680944057547.jpg 1 0 0 2700 1350
p/1680944057544.jpg 1 0 0 2000 1333
p/1680944057543.jpg 1 0 0 640 354
p/1680944057542.jpg 1 0 0 1024 684
p/1680944057540.jpg 1 0 0 1287 912
p/1680944057539.jpg 1 0 0 5312 2988
p/1680944057538.jpg 1 0 0 1000 562
p/1680944057537.jpg 1 0 0 1100 711
p/1680944057533.jpg 1 0 0 1280 720
p/1680944057531.jpg 1 0 0 2560 1707
p/1680944057529.jpg 1 0 0 675 543
p/1680944057527.jpg 1 0 0 1024 682
p/1680944057525.jpg 1 0 0 1024 1024
p/1680944057524.jpg 1 0 0 1350 900
p/1680944056862.jpg 1 0 0 1050 769
p/1680944056860.jpg 1 0 0 1920 1280
p/1680944056859.jpg 1 0 0 1800 1200
p/1680944056858.jpg 1 0 0 1100 825
p/1680944056855.jpg 1 0 0 1500 1097
p/1680944056853.jpg 1 0 0 1280 720
p/1680944056852.jpg 1 0 0 950 810
p/1680944056850.jpg 1 0 0 1200 949
p/1680944056848.jpg 1 0 0 1500 1000
p/1680944056847.jpg 1 0 0 1584 1092
p/1680944056844.jpg 1 0 0 1555 1189
p/1680944056841.jpg 1 0 0 3264 2448
p/1680944056840.jpg 1 0 0 1100 643
p/1680944056838.jpg 1 0 0 1842 1000
p/1680944056837.jpg 1 0 0 1818 1212
p/1680944056836.jpg 1 0 0 1066 816
p/1680944056834.jpg 1 0 0 1600 1200
p/1680944056833.jpg 1 0 0 1800 1045
p/1680944056831.jpg 1 0 0 780 439
p/1680944056829.jpg 1 0 0 1555 1024
p/1680944056826.jpg 1 0 0 4059 2803
p/1680944056824.jpg 1 0 0 2000 1247
p/1680944056823.jpg 1 0 0 1200 863
p/1680944056821.jpg 1 0 0 1600 1067
p/1680944056819.jpg 1 0 0 1900 1110
p/1680944056817.jpg 1 0 0 1600 1071
p/1680944056815.jpg 1 0 0 2680 1786
p/1680944056813.jpg 1 0 0 2200 1467
p/1680944056811.jpg 1 0 0 1200 800
p/1680944056809.jpg 1 0 0 2200 1418
p/1680944056805.jpg 1 0 0 1024 576
p/1680944056803.jpg 1 0 0 2000 1333
p/1680944056802.jpg 1 0 0 1555 1113
p/1680944056799.jpg 1 0 0 3000 2292
p/1680944057522.jpg 1 0 0 231 173
p/1680944057520.jpg 1 0 0 862 624
p/1680944057518.jpg 1 0 0 460 460
p/1680944057517.jpg 1 0 0 800 800
p/1680944057512.jpg 1 0 0 1170 610
p/1680944057510.jpg 1 0 0 700 500
p/1680944057508.jpg 1 0 0 1000 1080
p/1680944057506.jpg 1 0 0 1024 768
p/1680944057504.jpg 1 0 0 4608 2304
p/1680944057502.jpg 1 0 0 640 437
p/1680944057501.jpg 1 0 0 400 300
p/1680944057498.jpg 1 0 0 325 215
p/1680944057497.jpg 1 0 0 595 319
p/1680944057495.jpg 1 0 0 800 600
p/1680944057492.jpg 1 0 0 640 416
p/1680944057491.jpg 1 0 0 736 920
p/1680944057488.jpg 1 0 0 640 535
p/1680944057487.jpg 1 0 0 1600 1200
p/1680944057485.jpg 1 0 0 1300 1115
p/1680944057483.jpg 1 0 0 4032 3024
p/1680944057480.jpg 1 0 0 448 334
p/1680944057478.jpg 1 0 0 600 530
p/1680944057477.jpg 1 0 0 640 472
p/1680944057474.jpg 1 0 0 800 600
p/1680944057469.jpg 1 0 0 640 383
p/1680944057468.jpg 1 0 0 640 457
p/1680944057466.jpg 1 0 0 800 546
p/1680944057465.jpg 1 0 0 650 433
p/1680944057463.jpg 1 0 0 493 335
p/1680944057460.jpg 1 0 0 1500 837
p/1680944057457.jpg 1 0 0 640 466
p/1680944057455.jpg 1 0 0 1200 1200
p/1680944057454.jpg 1 0 0 541 359
p/1680944057452.jpg 1 0 0 600 400
p/1680944057447.jpg 1 0 0 640 417
p/1680944057445.jpg 1 0 0 500 492
p/1680944057444.jpg 1 0 0 1000 750
p/1680944057441.jpg 1 0 0 1000 761
p/1680944057439.jpg 1 0 0 640 452
p/1680944057437.jpg 1 0 0 1024 768
p/1680944057435.jpg 1 0 0 815 516
p/1680944057432.jpg 1 0 0 640 426
p/1680944057430.jpg 1 0 0 736 736
p/1680944057428.jpg 1 0 0 500 324
p/1680944057422.jpg 1 0 0 736 813
p/1680944057420.jpg 1 0 0 1280 960
p/1680944057418.jpg 1 0 0 726 537
p/1680944057416.jpg 1 0 0 640 433
p/1680944057414.jpg 1 0 0 479 500
p/1680944057412.jpg 1 0 0 1024 768
p/1680944057409.jpg 1 0 0 1920 1080
p/1680944057407.jpg 1 0 0 2015 1698
p/1680944057404.jpg 1 0 0 2700 1350
p/1680944057402.jpg 1 0 0 5184 3456
p/1680944057398.jpg 1 0 0 1200 920
p/1680944057395.jpg 1 0 0 2786 2625
p/1680944057393.jpg 1 0 0 2048 1536
p/1680944057390.jpg 1 0 0 1199 1234
p/1680944057387.jpg 1 0 0 1024 684
p/1680944057384.jpg 1 0 0 2200 1932
p/1680944057382.jpg 1 0 0 2048 1868
p/1680944057380.jpg 1 0 0 3264 2448
p/1680944057378.jpg 1 0 0 1200 900
p/1680944057375.jpg 1 0 0 1500 925
p/1680944057371.jpg 1 0 0 1024 770
p/1680944057368.jpg 1 0 0 900 610
p/1680944057366.jpg 1 0 0 1280 720
p/1680944057364.jpg 1 0 0 900 600
p/1680944057362.jpg 1 0 0 1500 1125
p/1680944057360.jpg 1 0 0 1280 720
p/1680944057357.jpg 1 0 0 1500 1089
p/1680944057355.jpg 1 0 0 1024 720
p/1680944057353.jpg 1 0 0 800 532
p/1680944057350.jpg 1 0 0 2000 1333
p/1680944057345.jpg 1 0 0 1000 1000
p/1680944057343.jpg 1 0 0 5184 3456
p/1680944057341.jpg 1 0 0 667 1000
p/1680944057339.jpg 1 0 0 2560 1707
p/1680944057337.jpg 1 0 0 1000 1000
p/1680944057334.jpg 1 0 0 1600 1200
p/1680944057332.jpg 1 0 0 1350 900
p/1680944057331.jpg 1 0 0 1200 1058
p/1680944057327.jpg 1 0 0 1280 720
p/1680944057326.jpg 1 0 0 1000 761
p/1680944057321.jpg 1 0 0 750 750
p/1680944057319.jpg 1 0 0 1249 955
p/1680944057317.jpg 1 0 0 5312 2988
p/1680944057315.jpg 1 0 0 900 573
p/1680944057312.jpg 1 0 0 800 640
p/1680944057310.jpg 1 0 0 1024 768
p/1680944057308.jpg 1 0 0 640 354
p/1680944057305.jpg 1 0 0 880 660
p/1680944057303.jpg 1 0 0 1000 750
p/1680944057301.jpg 1 0 0 900 600
p/1680944057296.jpg 1 0 0 1350 900
p/1680944057294.jpg 1 0 0 3901 2537
p/1680944057291.jpg 1 0 0 1125 723
p/1680944057290.jpg 1 0 0 2280 1596
p/1680944057287.jpg 1 0 0 1872 1084
p/1680944057285.jpg 1 0 0 1500 837
p/1680944057283.jpg 1 0 0 1350 900
p/1680944057281.jpg 1 0 0 2760 2300
p/1680944057280.jpg 1 0 0 1024 1024
p/1680944057278.jpg 1 0 0 1000 1000
p/1680944057272.jpg 1 0 0 1350 900
p/1680944057270.jpg 1 0 0 1500 1317
p/1680944057268.jpg 1 0 0 1350 900
p/1680944057266.jpg 1 0 0 950 810
p/1680944057263.jpg 1 0 0 1350 900
p/1680944057262.jpg 1 0 0 2200 1650
p/1680944057259.jpg 1 0 0 1900 1110
p/1680944057257.jpg 1 0 0 1769 1138
p/1680944057255.jpg 1 0 0 3720 2628
p/1680944057253.jpg 1 0 0 1965 1487
p/1680944057249.jpg 1 0 0 1498 1498
p/1680944057247.jpg 1 0 0 1800 1372
p/1680944057244.jpg 1 0 0 1000 972
p/1680944057242.jpg 1 0 0 3748 2578
p/1680944057240.jpg 1 0 0 2000 1250
p/1680944057235.jpg 1 0 0 3502 3321
p/1680944057233.jpg 1 0 0 700 559
p/1680944057231.jpg 1 0 0 1350 900
p/1680944057229.jpg 1 0 0 3000 2000
p/1680944057224.jpg 1 0 0 2125 1859
p/1680944057218.jpg 1 0 0 5120 3433
p/1680944057216.jpg 1 0 0 2312 1668
p/1680944057215.jpg 1 0 0 2666 2001
p/1680944057212.jpg 1 0 0 4320 2884
p/1680944057210.jpg 1 0 0 1527 1394
p/1680944057207.jpg 1 0 0 2880 2160
p/1680944057205.jpg 1 0 0 2044 1500
p/1680944057203.jpg 1 0 0 1555 1167
p/1680944057201.jpg 1 0 0 1490 993
p/1680944057198.jpg 1 0 0 3234 2587