p/weapons690.jpg 1 0 0 1280 853
p/weapons261.jpg 1 0 0 2000 1333
p/weapons260.jpg 1 0 0 550 550
p/weapons259.jpg 1 0 0 1200 801
p/weapons258.jpg 1 0 0 300 250
p/weapons257.jpg 1 0 0 236 317
p/weapons255.jpg 1 0 0 600 302
p/weapons254.jpg 1 0 0 1300 954
p/weapons253.jpg 1 0 0 1116 678
p/weapons252.jpg 1 0 0 4752 3168
p/weapons251.jpg 1 0 0 615 820
p/weapons250.jpg 1 0 0 1200 798
p/weapons249.jpg 1 0 0 630 420
p/weapons248.jpg 1 0 0 1000 700
p/weapons247.jpg 1 0 0 300 300
p/weapons246.jpg 1 0 0 400 594
p/weapons244.jpg 1 0 0 510 771
p/weapons243.jpg 1 0 0 1280 720
p/weapons242.jpg 1 0 0 400 357
p/weapons241.jpg 1 0 0 480 360
p/weapons240.jpg 1 0 0 554 480
p/weapons239.jpg 1 0 0 448 252
p/weapons238.jpg 1 0 0 450 470
p/weapons237.jpg 1 0 0 1600 1221
p/weapons236.jpg 1 0 0 236 298
p/weapons235.jpg 1 0 0 480 360
p/weapons233.jpg 1 0 0 1000 1000
p/weapons232.jpg 1 0 0 670 270
p/weapons231.jpg 1 0 0 450 470
p/weapons230.jpg 1 0 0 450 374
p/weapons229.jpg 1 0 0 753 390
p/weapons228.jpg 1 0 0 612 300
p/weapons227.jpg 1 0 0 1600 1054
p/weapons226.jpg 1 0 0 160 90
p/weapons225.jpg 1 0 0 1920 1080
p/weapons224.jpg 1 0 0 480 360
p/weapons221.jpg 1 0 0 800 600
p/weapons220.jpg 1 0 0 500 500
p/weapons219.jpg 1 0 0 1200 630
p/weapons218.jpg 1 0 0 300 264
p/weapons217.jpg 1 0 0 1300 1142
p/weapons216.jpg 1 0 0 430 323
p/weapons215.jpg 1 0 0 650 341
p/weapons214.jpg 1 0 0 869 651
p/weapons213.jpg 1 0 0 550 523
p/weapons212.jpg 1 0 0 958 639
p/weapons210.jpg 1 0 0 992 580
p/weapons209.jpg 1 0 0 632 420
p/weapons208.jpg 1 0 0 131 407
p/weapons207.jpg 1 0 0 450 450
p/weapons206.jpg 1 0 0 800 800
p/weapons205.jpg 1 0 0 550 436
p/weapons204.jpg 1 0 0 400 274
p/weapons203.jpg 1 0 0 500 230
p/weapons202.jpg 1 0 0 300 300
p/weapons201.jpg 1 0 0 1064 1300
p/weapons199.jpg 1 0 0 634 359
p/weapons198.jpg 1 0 0 660 440
p/weapons197.jpg 1 0 0 615 454
p/weapons196.jpg 1 0 0 736 552
p/weapons195.jpg 1 0 0 953 1300
p/weapons194.jpg 1 0 0 600 300
p/weapons193.jpg 1 0 0 1300 596
p/weapons192.jpg 1 0 0 1280 720
p/weapons191.jpg 1 0 0 175 470
p/weapons190.jpg 1 0 0 601 800
p/weapons188.jpg 1 0 0 980 551
p/weapons187.jpg 1 0 0 1024 696
p/weapons186.jpg 1 0 0 450 470
p/weapons185.jpg 1 0 0 1500 1140
p/weapons184.jpg 1 0 0 736 489
p/weapons183.jpg 1 0 0 640 360
p/weapons182.jpg 1 0 0 553 587
p/weapons181.jpg 1 0 0 388 770
p/weapons180.jpg 1 0 0 3612 2537
p/weapons179.jpg 1 0 0 800 450
p/weapons177.jpg 1 0 0 845 509
p/weapons176.jpg 1 0 0 1581 1050
p/weapons175.jpg 1 0 0 1289 1300
p/weapons174.jpg 1 0 0 1300 960
p/weapons173.jpg 1 0 0 736 552
p/weapons172.jpg 1 0 0 400 514
p/weapons171.jpg 1 0 0 600 600
p/weapons170.jpg 1 0 0 1080 1358
p/weapons169.jpg 1 0 0 648 369
p/weapons168.jpg 1 0 0 300 470
p/weapons166.jpg 1 0 0 1200 803
p/weapons165.jpg 1 0 0 852 1714
p/weapons164.jpg 1 0 0 600 393
p/weapons163.jpg 1 0 0 1300 1300
p/weapons162.jpg 1 0 0 570 428
p/weapons161.jpg 1 0 0 250 250
p/weapons160.jpg 1 0 0 1600 1065
p/weapons159.jpg 1 0 0 1920 1280
p/weapons158.jpg 1 0 0 660 371
p/weapons157.jpg 1 0 0 1200 900
p/weapons155.jpg 1 0 0 3024 4032
p/weapons154.jpg 1 0 0 923 1300
p/weapons153.jpg 1 0 0 3000 2000
p/weapons152.jpg 1 0 0 400 266
p/weapons151.jpg 1 0 0 640 480
p/weapons150.jpg 1 0 0 333 280
p/weapons149.jpg 1 0 0 156 235
p/weapons148.jpg 1 0 0 845 321
p/weapons147.jpg 1 0 0 550 384
p/weapons146.jpg 1 0 0 564 438
p/weapons144.jpg 1 0 0 624 255
p/weapons143.jpg 1 0 0 1300 1266
p/weapons142.jpg 1 0 0 1200 630
p/weapons141.jpg 1 0 0 600 294
p/weapons140.jpg 1 0 0 1300 924
p/weapons139.jpg 1 0 0 700 525
p/weapons138.jpg 1 0 0 540 960
p/weapons137.jpg 1 0 0 1200 675
p/weapons136.jpg 1 0 0 480 360
p/weapons135.jpg 1 0 0 450 320
p/weapons133.jpg 1 0 0 450 319
p/weapons132.jpg 1 0 0 444 233
p/weapons131.jpg 1 0 0 500 357
p/weapons130.jpg 1 0 0 768 425
p/weapons129.jpg 1 0 0 1300 1039
p/weapons128.jpg 1 0 0 400 273
p/weapons127.jpg 1 0 0 700 525
p/weapons126.jpg 1 0 0 1536 1026
p/weapons125.jpg 1 0 0 700 525
p/weapons124.jpg 1 0 0 467 700
p/weapons122.jpg 1 0 0 467 700
p/weapons121.jpg 1 0 0 800 502
p/weapons120.jpg 1 0 0 976 923
p/weapons119.jpg 1 0 0 467 700
p/weapons118.jpg 1 0 0 700 467
p/weapons117.jpg 1 0 0 700 467
p/weapons116.jpg 1 0 0 700 467
p/weapons115.jpg 1 0 0 700 467
p/weapons114.jpg 1 0 0 750 562
p/weapons113.jpg 1 0 0 750 562
p/weapons110.jpg 1 0 0 750 562
p/weapons109.jpg 1 0 0 954 1300
p/weapons108.jpg 1 0 0 750 562
p/weapons107.jpg 1 0 0 800 400
p/weapons106.jpg 1 0 0 640 400
p/weapons105.jpg 1 0 0 768 358
p/weapons104.jpg 1 0 0 1280 720
p/weapons103.jpg 1 0 0 233 353
p/weapons102.jpg 1 0 0 1620 1080
p/weapons101.jpg 1 0 0 1024 575
p/weapons99.jpg 1 0 0 460 460
p/weapons98.jpg 1 0 0 640 360
p/weapons97.jpg 1 0 0 634 634
p/weapons96.jpg 1 0 0 468 302
p/weapons95.jpg 1 0 0 1024 576
p/weapons94.jpg 1 0 0 435 435
p/weapons93.jpg 1 0 0 640 533
p/weapons92.jpg 1 0 0 800 800
p/weapons91.jpg 1 0 0 1000 1000
p/weapons90.jpg 1 0 0 435 435
p/weapons88.jpg 1 0 0 1280 1280
p/weapons87.jpg 1 0 0 1080 1080
p/weapons86.jpg 1 0 0 1280 1280
p/weapons85.jpg 1 0 0 1689 1126
p/weapons84.jpg 1 0 0 500 479
p/weapons83.jpg 1 0 0 1000 1000
p/weapons82.jpg 1 0 0 400 400
p/weapons81.jpg 1 0 0 2560 1706
p/weapons80.jpg 1 0 0 1846 1385
p/weapons79.jpg 1 0 0 640 480
p/weapons77.jpg 1 0 0 3024 4032
p/weapons76.jpg 1 0 0 401 530
p/weapons75.jpg 1 0 0 1920 1080
p/weapons74.jpg 1 0 0 360 600
p/weapons73.jpg 1 0 0 736 210
p/weapons72.jpg 1 0 0 570 379
p/weapons71.jpg 1 0 0 2000 2000
p/weapons70.jpg 1 0 0 450 450
p/weapons69.jpg 1 0 0 1152 864
p/weapons68.jpg 1 0 0 2048 1359
p/weapons66.jpg 1 0 0 980 735
p/weapons65.jpg 1 0 0 850 760
p/weapons64.jpg 1 0 0 3024 4032
p/weapons63.jpg 1 0 0 880 522
p/weapons62.jpg 1 0 0 960 640
p/weapons61.jpg 1 0 0 500 500
p/weapons60.jpg 1 0 0 1500 1043
p/weapons59.jpg 1 0 0 500 500
p/weapons58.jpg 1 0 0 830 850
p/weapons57.jpg 1 0 0 4608 2592
p/weapons55.jpg 1 0 0 850 850
p/weapons54.jpg 1 0 0 850 769
p/weapons53.jpg 1 0 0 1086 789
p/weapons52.jpg 1 0 0 736 787
p/weapons51.jpg 1 0 0 668 376
p/weapons50.jpg 1 0 0 736 787
p/weapons49.jpg 1 0 0 800 533
p/weapons48.jpg 1 0 0 736 680
p/weapons47.jpg 1 0 0 1280 720
p/weapons46.jpg 1 0 0 1398 2000
p/weapons44.jpg 1 0 0 3333 813
p/weapons43.jpg 1 0 0 360 252
p/weapons42.jpg 1 0 0 500 484
p/weapons41.jpg 1 0 0 980 735
p/weapons40.jpg 1 0 0 2938 2723
p/weapons39.jpg 1 0 0 800 800
p/weapons38.jpg 1 0 0 500 500
p/weapons37.jpg 1 0 0 714 701
p/weapons36.jpg 1 0 0 1000 1000
p/weapons35.jpg 1 0 0 960 960
p/weapons33.jpg 1 0 0 450 450
p/weapons32.jpg 1 0 0 1000 750
p/weapons31.jpg 1 0 0 710 960
p/weapons30.jpg 1 0 0 2048 1536
p/weapons29.jpg 1 0 0 4128 2322
p/weapons28.jpg 1 0 0 640 456
p/weapons27.jpg 1 0 0 1626 1080
p/weapons26.jpg 1 0 0 1000 714
p/weapons25.jpg 1 0 0 600 600
p/weapons24.jpg 1 0 0 800 800
p/weapons22.jpg 1 0 0 1600 1066
p/weapons21.jpg 1 0 0 1024 569
p/weapons20.jpg 1 0 0 768 538
p/weapons19.jpg 1 0 0 1600 900
p/weapons18.jpg 1 0 0 450 450
p/weapons17.jpg 1 0 0 1600 1060
p/weapons16.jpg 1 0 0 800 800
p/weapons15.jpg 1 0 0 1100 815
p/weapons14.jpg 1 0 0 740 493
p/weapons13.jpg 1 0 0 1920 1080
p/weapons11.jpg 1 0 0 736 552
p/weapons10.jpg 1 0 0 800 800
p/weapons9.jpg 1 0 0 1280 1280
p/weapons8.jpg 1 0 0 935 934
p/weapons7.jpg 1 0 0 1000 1000
p/weapons6.jpg 1 0 0 809 850
p/weapons5.jpg 1 0 0 1280 853
p/weapons4.jpg 1 0 0 1861 1861
p/weapons3.jpg 1 0 0 1200 843
p/weapons2.jpg 1 0 0 1200 960
p/weapons719.jpg 1 0 0 651 650
p/weapons718.jpg 1 0 0 600 600
p/weapons717.jpg 1 0 0 1100 815
p/weapons716.jpg 1 0 0 1024 1024
p/weapons715.jpg 1 0 0 450 450
p/weapons714.jpg 1 0 0 1100 815
p/weapons713.jpg 1 0 0 1626 1080
p/weapons712.jpg 1 0 0 950 712
p/weapons711.jpg 1 0 0 899 600
p/weapons710.jpg 1 0 0 1000 1000
p/weapons708.jpg 1 0 0 1600 1600
p/weapons707.jpg 1 0 0 1000 1000
p/weapons706.jpg 1 0 0 800 582
p/weapons705.jpg 1 0 0 864 576
p/weapons704.jpg 1 0 0 1940 1300
p/weapons703.jpg 1 0 0 1087 725
p/weapons702.jpg 1 0 0 736 787
p/weapons701.jpg 1 0 0 1200 800
p/weapons700.jpg 1 0 0 5000 2093
p/weapons699.jpg 1 0 0 2503 1200
p/weapons697.jpg 1 0 0 1100 815
p/weapons696.jpg 1 0 0 1600 1200
p/weapons695.jpg 1 0 0 925 720
p/weapons694.jpg 1 0 0 1750 1167
p/weapons693.jpg 1 0 0 1100 815
p/weapons692.jpg 1 0 0 1024 1024
p/weapons691.jpg 1 0 0 2600 1671
p/weapons689.jpg 1 0 0 984 1024
p/weapons678.jpg 1 0 0 1024 860
p/weapons667.jpg 1 0 0 850 818
p/weapons655.jpg 1 0 0 2000 1489
p/weapons644.jpg 1 0 0 750 750
p/weapons633.jpg 1 0 0 600 600
p/weapons622.jpg 1 0 0 2048 908
p/weapons611.jpg 1 0 0 1100 815
p/weapons600.jpg 1 0 0 1600 1200
p/weapons589.jpg 1 0 0 1350 1250
p/weapons578.jpg 1 0 0 850 651
p/weapons567.jpg 1 0 0 640 830
p/weapons556.jpg 1 0 0 1200 1122
p/weapons544.jpg 1 0 0 1920 1080
p/weapons533.jpg 1 0 0 1259 1566
p/weapons522.jpg 1 0 0 1498 1600
p/weapons511.jpg 1 0 0 842 850
p/weapons500.jpg 1 0 0 1024 970
p/weapons489.jpg 1 0 0 1887 1253
p/weapons478.jpg 1 0 0 800 800
p/weapons467.jpg 1 0 0 1000 1000
p/weapons456.jpg 1 0 0 600 600
p/weapons445.jpg 1 0 0 1000 1000
p/weapons433.jpg 1 0 0 700 700
p/weapons422.jpg 1 0 0 1927 1789
p/weapons411.jpg 1 0 0 700 525
p/weapons400.jpg 1 0 0 2621 1966
p/weapons389.jpg 1 0 0 1000 1000
p/weapons378.jpg 1 0 0 849 850
p/weapons367.jpg 1 0 0 850 809
p/weapons356.jpg 1 0 0 1280 960
p/weapons345.jpg 1 0 0 1598 904
p/weapons334.jpg 1 0 0 865 864
p/weapons322.jpg 1 0 0 3000 2201
p/weapons311.jpg 1 0 0 1087 600
p/weapons300.jpg 1 0 0 2580 1935
p/weapons289.jpg 1 0 0 2144 1424
p/weapons278.jpg 1 0 0 1500 1500
p/weapons267.jpg 1 0 0 2000 2000
p/weapons256.jpg 1 0 0 1600 1171
p/weapons245.jpg 1 0 0 2580 1935
p/weapons234.jpg 1 0 0 2048 1536
p/weapons223.jpg 1 0 0 1500 1376
p/weapons211.jpg 1 0 0 2048 1536
p/weapons200.jpg 1 0 0 1500 1500
p/weapons189.jpg 1 0 0 800 800
p/weapons178.jpg 1 0 0 1280 720
p/weapons167.jpg 1 0 0 500 500
p/weapons156.jpg 1 0 0 1100 1100
p/weapons145.jpg 1 0 0 3103 1416
p/weapons134.jpg 1 0 0 828 820
p/weapons123.jpg 1 0 0 1280 1280
p/weapons112.jpg 1 0 0 1200 763
p/weapons100.jpg 1 0 0 1600 1360
p/weapons89.jpg 1 0 0 2832 3130
p/weapons78.jpg 1 0 0 1000 1000
p/weapons67.jpg 1 0 0 1280 1280
p/weapons56.jpg 1 0 0 1500 1500
p/weapons45.jpg 1 0 0 2048 1536
p/weapons34.jpg 1 0 0 2560 2560
p/weapons23.jpg 1 0 0 1317 987
p/weapons12.jpg 1 0 0 2580 1935
p/weapons1.jpg 1 0 0 2580 1935
p/weapons709.jpg 1 0 0 3664 3664
p/weapons698.jpg 1 0 0 700 700
p/weapons666.jpg 1 0 0 800 800
p/weapons555.jpg 1 0 0 1000 1000
p/weapons444.jpg 1 0 0 2580 1935
p/weapons333.jpg 1 0 0 2250 3000
p/weapons222.jpg 1 0 0 2621 1966
p/weapons111.jpg 1 0 0 1280 1280
p/weapons0.jpg 1 0 0 768 768
p/weapons688.jpg 1 0 0 800 500
p/weapons687.jpg 1 0 0 592 332
p/weapons686.jpg 1 0 0 1600 1689
p/weapons685.jpg 1 0 0 500 670
p/weapons684.jpg 1 0 0 533 355
p/weapons683.jpg 1 0 0 1300 948
p/weapons682.jpg 1 0 0 1024 1024
p/weapons681.jpg 1 0 0 480 800
p/weapons680.jpg 1 0 0 540 540
p/weapons679.jpg 1 0 0 600 900
p/weapons677.jpg 1 0 0 736 920
p/weapons676.jpg 1 0 0 400 400
p/weapons675.jpg 1 0 0 900 675
p/weapons674.jpg 1 0 0 472 487
p/weapons673.jpg 1 0 0 600 641
p/weapons672.jpg 1 0 0 216 100
p/weapons671.jpg 1 0 0 900 675
p/weapons670.jpg 1 0 0 768 768
p/weapons669.jpg 1 0 0 1920 1080
p/weapons668.jpg 1 0 0 900 675
p/weapons665.jpg 1 0 0 600 444
p/weapons664.jpg 1 0 0 800 535
p/weapons663.jpg 1 0 0 707 960
p/weapons662.jpg 1 0 0 736 416
p/weapons661.jpg 1 0 0 150 150
p/weapons660.jpg 1 0 0 900 675
p/weapons659.jpg 1 0 0 1200 1976
p/weapons658.jpg 1 0 0 533 900
p/weapons657.jpg 1 0 0 218 272
p/weapons656.jpg 1 0 0 200 200
p/weapons654.jpg 1 0 0 150 150
p/weapons653.jpg 1 0 0 135 100
p/weapons652.jpg 1 0 0 236 236
p/weapons651.jpg 1 0 0 850 531
p/weapons650.jpg 1 0 0 2904 2325
p/weapons649.jpg 1 0 0 150 150
p/weapons648.jpg 1 0 0 800 600
p/weapons647.jpg 1 0 0 300 203
p/weapons646.jpg 1 0 0 800 600
p/weapons645.jpg 1 0 0 2562 1772
p/weapons643.jpg 1 0 0 877 259
p/weapons642.jpg 1 0 0 1632 858
p/weapons641.jpg 1 0 0 236 177
p/weapons640.jpg 1 0 0 524 345
p/weapons639.jpg 1 0 0 1000 1080
p/weapons638.jpg 1 0 0 150 150
p/weapons637.jpg 1 0 0 389 500
p/weapons636.jpg 1 0 0 526 790
p/weapons635.jpg 1 0 0 800 600
p/weapons634.jpg 1 0 0 736 981
p/weapons632.jpg 1 0 0 200 200
p/weapons631.jpg 1 0 0 500 500
p/weapons630.jpg 1 0 0 450 289
p/weapons629.jpg 1 0 0 500 500
p/weapons628.jpg 1 0 0 600 196
p/weapons627.jpg 1 0 0 1300 978
p/weapons626.jpg 1 0 0 1600 1200
p/weapons625.jpg 1 0 0 2340 4160
p/weapons624.jpg 1 0 0 700 800
p/weapons623.jpg 1 0 0 600 329
p/weapons621.jpg 1 0 0 968 1296
p/weapons620.jpg 1 0 0 2520 1088
p/weapons619.jpg 1 0 0 900 675
p/weapons618.jpg 1 0 0 500 305
p/weapons617.jpg 1 0 0 350 353
p/weapons616.jpg 1 0 0 562 321
p/weapons615.jpg 1 0 0 900 675
p/weapons614.jpg 1 0 0 276 753
p/weapons613.jpg 1 0 0 336 259
p/weapons612.jpg 1 0 0 604 1324
p/weapons610.jpg 1 0 0 736 1412
p/weapons609.jpg 1 0 0 700 800
p/weapons608.jpg 1 0 0 1024 768
p/weapons607.jpg 1 0 0 800 1158
p/weapons606.jpg 1 0 0 87 625
p/weapons605.jpg 1 0 0 681 180
p/weapons604.jpg 1 0 0 678 825
p/weapons603.jpg 1 0 0 497 500
p/weapons602.jpg 1 0 0 1024 768
p/weapons601.jpg 1 0 0 953 1300
p/weapons599.jpg 1 0 0 1024 1024
p/weapons598.jpg 1 0 0 236 631
p/weapons597.jpg 1 0 0 658 658
p/weapons596.jpg 1 0 0 170 885
p/weapons595.jpg 1 0 0 1085 827
p/weapons594.jpg 1 0 0 236 567
p/weapons593.jpg 1 0 0 550 550
p/weapons592.jpg 1 0 0 1200 1200
p/weapons591.jpg 1 0 0 1400 900
p/weapons590.jpg 1 0 0 800 800
p/weapons588.jpg 1 0 0 980 980
p/weapons587.jpg 1 0 0 1800 1013
p/weapons586.jpg 1 0 0 534 800
p/weapons585.jpg 1 0 0 650 301
p/weapons584.jpg 1 0 0 1280 1280
p/weapons583.jpg 1 0 0 420 324
p/weapons582.jpg 1 0 0 1440 960
p/weapons581.jpg 1 0 0 2517 2470
p/weapons580.jpg 1 0 0 736 1654
p/weapons579.jpg 1 0 0 600 718
p/weapons577.jpg 1 0 0 500 500
p/weapons576.jpg 1 0 0 1200 1372
p/weapons575.jpg 1 0 0 500 500
p/weapons574.jpg 1 0 0 427 640
p/weapons573.jpg 1 0 0 1200 1200
p/weapons572.jpg 1 0 0 736 981
p/weapons571.jpg 1 0 0 600 900
p/weapons570.jpg 1 0 0 1000 1000
p/weapons569.jpg 1 0 0 1030 3504
p/weapons568.jpg 1 0 0 1082 1920
p/weapons566.jpg 1 0 0 736 552
p/weapons565.jpg 1 0 0 2918 1139
p/weapons564.jpg 1 0 0 1024 1024
p/weapons563.jpg 1 0 0 800 800
p/weapons562.jpg 1 0 0 480 720
p/weapons561.jpg 1 0 0 2400 1260
p/weapons560.jpg 1 0 0 1100 605
p/weapons559.jpg 1 0 0 1700 1350
p/weapons558.jpg 1 0 0 1200 1600
p/weapons557.jpg 1 0 0 1280 1280
p/weapons554.jpg 1 0 0 1200 1200
p/weapons553.jpg 1 0 0 1300 620
p/weapons552.jpg 1 0 0 1000 1000
p/weapons551.jpg 1 0 0 800 800
p/weapons550.jpg 1 0 0 736 1125
p/weapons549.jpg 1 0 0 2048 1072
p/weapons548.jpg 1 0 0 736 1116
p/weapons547.jpg 1 0 0 1024 768
p/weapons546.jpg 1 0 0 736 1162
p/weapons545.jpg 1 0 0 1838 2646
p/weapons543.jpg 1 0 0 1043 765
p/weapons542.jpg 1 0 0 1149 1106
p/weapons541.jpg 1 0 0 1074 1269
p/weapons540.jpg 1 0 0 1600 934
p/weapons539.jpg 1 0 0 2848 4272
p/weapons538.jpg 1 0 0 1200 800
p/weapons537.jpg 1 0 0 1600 1600
p/weapons536.jpg 1 0 0 1600 1200
p/weapons535.jpg 1 0 0 1600 1066
p/weapons534.jpg 1 0 0 1920 1200
p/weapons532.jpg 1 0 0 2000 2000
p/weapons531.jpg 1 0 0 4032 3024
p/weapons530.jpg 1 0 0 736 1104
p/weapons529.jpg 1 0 0 1000 800
p/weapons528.jpg 1 0 0 1140 1521
p/weapons527.jpg 1 0 0 1500 1000
p/weapons526.jpg 1 0 0 2000 2000
p/weapons525.jpg 1 0 0 1768 2780
p/weapons524.jpg 1 0 0 2000 1333
p/weapons523.jpg 1 0 0 1600 1200
p/weapons521.jpg 1 0 0 2000 1333
p/weapons520.jpg 1 0 0 1000 1000
p/weapons519.jpg 1 0 0 1000 2119
p/weapons518.jpg 1 0 0 1000 2119
p/weapons372.jpg 1 0 0 340 454
p/weapons371.jpg 1 0 0 764 432
p/weapons370.jpg 1 0 0 1500 1000
p/weapons369.jpg 1 0 0 728 420
p/weapons368.jpg 1 0 0 424 500
p/weapons366.jpg 1 0 0 923 580
p/weapons365.jpg 1 0 0 1064 1300
p/weapons364.jpg 1 0 0 1920 1271
p/weapons363.jpg 1 0 0 999 999
p/weapons362.jpg 1 0 0 634 477
p/weapons361.jpg 1 0 0 1439 1660
p/weapons360.jpg 1 0 0 800 800
p/weapons359.jpg 1 0 0 564 344
p/weapons358.jpg 1 0 0 450 470
p/weapons357.jpg 1 0 0 800 532
p/weapons355.jpg 1 0 0 284 254
p/weapons354.jpg 1 0 0 299 470
p/weapons353.jpg 1 0 0 863 1390
p/weapons352.jpg 1 0 0 500 300
p/weapons351.jpg 1 0 0 366 488
p/weapons350.jpg 1 0 0 1301 1300
p/weapons349.jpg 1 0 0 2000 1000
p/weapons348.jpg 1 0 0 951 1300
p/weapons347.jpg 1 0 0 1200 630
p/weapons346.jpg 1 0 0 450 321
p/weapons344.jpg 1 0 0 1500 1096
p/weapons343.jpg 1 0 0 624 255
p/weapons342.jpg 1 0 0 1436 1079
p/weapons341.jpg 1 0 0 450 300
p/weapons340.jpg 1 0 0 578 600
p/weapons339.jpg 1 0 0 1000 582
p/weapons338.jpg 1 0 0 820 513
p/weapons337.jpg 1 0 0 600 294
p/weapons336.jpg 1 0 0 1600 711
p/weapons335.jpg 1 0 0 975 1390
p/weapons332.jpg 1 0 0 1200 630
p/weapons331.jpg 1 0 0 750 500
p/weapons330.jpg 1 0 0 1068 1689
p/weapons329.jpg 1 0 0 879 849
p/weapons328.jpg 1 0 0 1440 1080
p/weapons327.jpg 1 0 0 1024 1024
p/weapons326.jpg 1 0 0 1300 956
p/weapons325.jpg 1 0 0 852 480
p/weapons324.jpg 1 0 0 1068 1689
p/weapons323.jpg 1 0 0 1068 1689
p/weapons321.jpg 1 0 0 620 320
p/weapons320.jpg 1 0 0 900 506
p/weapons319.jpg 1 0 0 1000 478
p/weapons318.jpg 1 0 0 1122 1300
p/weapons317.jpg 1 0 0 1300 953
p/weapons316.jpg 1 0 0 650 338
p/weapons315.jpg 1 0 0 444 233
p/weapons314.jpg 1 0 0 773 512
p/weapons313.jpg 1 0 0 920 632
p/weapons312.jpg 1 0 0 650 900
p/weapons310.jpg 1 0 0 1600 816
p/weapons309.jpg 1 0 0 800 724
p/weapons308.jpg 1 0 0 1300 965
p/weapons307.jpg 1 0 0 1300 958
p/weapons306.jpg 1 0 0 667 397
p/weapons305.jpg 1 0 0 900 500
p/weapons304.jpg 1 0 0 650 400
p/weapons303.jpg 1 0 0 1022 1030
p/weapons302.jpg 1 0 0 760 582
p/weapons301.jpg 1 0 0 1280 720
p/weapons299.jpg 1 0 0 1280 720
p/weapons298.jpg 1 0 0 953 1300
p/weapons297.jpg 1 0 0 800 534
p/weapons296.jpg 1 0 0 615 335
p/weapons295.jpg 1 0 0 640 360
p/weapons294.jpg 1 0 0 1280 720
p/weapons293.jpg 1 0 0 615 620
p/weapons292.jpg 1 0 0 1600 1167
p/weapons291.jpg 1 0 0 1200 675
p/weapons290.jpg 1 0 0 2000 1333
p/weapons288.jpg 1 0 0 1200 630
p/weapons287.jpg 1 0 0 1280 720
p/weapons286.jpg 1 0 0 2196 1233
p/weapons285.jpg 1 0 0 638 418
p/weapons284.jpg 1 0 0 1280 1038
p/weapons283.jpg 1 0 0 759 422
p/weapons282.jpg 1 0 0 1024 576
p/weapons281.jpg 1 0 0 640 480
p/weapons280.jpg 1 0 0 634 845
p/weapons279.jpg 1 0 0 1920 1280
p/weapons277.jpg 1 0 0 640 360
p/weapons276.jpg 1 0 0 980 737
p/weapons275.jpg 1 0 0 1620 1080
p/weapons274.jpg 1 0 0 620 387
p/weapons273.jpg 1 0 0 1498 992
p/weapons272.jpg 1 0 0 615 431
p/weapons271.jpg 1 0 0 2048 1152
p/weapons270.jpg 1 0 0 620 413
p/weapons269.jpg 1 0 0 960 698
p/weapons268.jpg 1 0 0 576 1024
p/weapons266.jpg 1 0 0 1420 800
p/weapons265.jpg 1 0 0 936 622
p/weapons264.jpg 1 0 0 800 400
p/weapons263.jpg 1 0 0 900 582
p/weapons262.jpg 1 0 0 976 549
p/weapons517.jpg 1 0 0 927 618
p/weapons516.jpg 1 0 0 417 626
p/weapons515.jpg 1 0 0 768 768
p/weapons514.jpg 1 0 0 711 800
p/weapons513.jpg 1 0 0 1080 1080
p/weapons512.jpg 1 0 0 2485 2429
p/weapons510.jpg 1 0 0 999 550
p/weapons509.jpg 1 0 0 1200 800
p/weapons508.jpg 1 0 0 800 800
p/weapons507.jpg 1 0 0 720 720
p/weapons506.jpg 1 0 0 1066 800
p/weapons505.jpg 1 0 0 1024 683
p/weapons504.jpg 1 0 0 1200 630
p/weapons503.jpg 1 0 0 1820 1214
p/weapons502.jpg 1 0 0 1432 966
p/weapons501.jpg 1 0 0 300 222
p/weapons499.jpg 1 0 0 800 419
p/weapons498.jpg 1 0 0 400 300
p/weapons497.jpg 1 0 0 420 280
p/weapons496.jpg 1 0 0 300 290
p/weapons495.jpg 1 0 0 600 425
p/weapons494.jpg 1 0 0 1000 1000
p/weapons493.jpg 1 0 0 1056 1056
p/weapons492.jpg 1 0 0 1920 1080
p/weapons491.jpg 1 0 0 1500 1000
p/weapons490.jpg 1 0 0 550 300
p/weapons488.jpg 1 0 0 1920 1200
p/weapons487.jpg 1 0 0 650 458
p/weapons486.jpg 1 0 0 1500 844
p/weapons485.jpg 1 0 0 1199 800
p/weapons484.jpg 1 0 0 1976 792
p/weapons483.jpg 1 0 0 800 800
p/weapons482.jpg 1 0 0 1280 960
p/weapons481.jpg 1 0 0 449 664
p/weapons480.jpg 1 0 0 657 960
p/weapons479.jpg 1 0 0 800 600
p/weapons477.jpg 1 0 0 735 530
p/weapons476.jpg 1 0 0 570 570
p/weapons475.jpg 1 0 0 980 735
p/weapons474.jpg 1 0 0 649 650
p/weapons473.jpg 1 0 0 473 600
p/weapons472.jpg 1 0 0 639 394
p/weapons471.jpg 1 0 0 736 1099
p/weapons470.jpg 1 0 0 564 769
p/weapons469.jpg 1 0 0 570 1008
p/weapons468.jpg 1 0 0 700 982
p/weapons466.jpg 1 0 0 785 600
p/weapons465.jpg 1 0 0 1280 960
p/weapons464.jpg 1 0 0 800 600
p/weapons463.jpg 1 0 0 1500 1000
p/weapons462.jpg 1 0 0 1200 800
p/weapons461.jpg 1 0 0 736 1225
p/weapons460.jpg 1 0 0 650 679
p/weapons459.jpg 1 0 0 900 1220
p/weapons458.jpg 1 0 0 980 735
p/weapons457.jpg 1 0 0 1280 1280
p/weapons455.jpg 1 0 0 1250 878
p/weapons454.jpg 1 0 0 1000 748
p/weapons453.jpg 1 0 0 736 920
p/weapons452.jpg 1 0 0 736 884
p/weapons451.jpg 1 0 0 640 830
p/weapons450.jpg 1 0 0 735 970
p/weapons449.jpg 1 0 0 1200 628
p/weapons448.jpg 1 0 0 4372 2412
p/weapons447.jpg 1 0 0 1500 1355
p/weapons446.jpg 1 0 0 1280 720
p/weapons443.jpg 1 0 0 1024 869
p/weapons442.jpg 1 0 0 564 1083
p/weapons441.jpg 1 0 0 600 742
p/weapons440.jpg 1 0 0 1600 2400
p/weapons439.jpg 1 0 0 1900 1200
p/weapons438.jpg 1 0 0 3692 1618
p/weapons437.jpg 1 0 0 1000 714
p/weapons436.jpg 1 0 0 1000 1000
p/weapons435.jpg 1 0 0 4730 3153
p/weapons434.jpg 1 0 0 1280 1280
p/weapons432.jpg 1 0 0 1900 1200
p/weapons431.jpg 1 0 0 1000 654
p/weapons430.jpg 1 0 0 800 800
p/weapons429.jpg 1 0 0 1024 840
p/weapons428.jpg 1 0 0 1200 1200
p/weapons427.jpg 1 0 0 2000 2000
p/weapons426.jpg 1 0 0 1280 1280
p/weapons425.jpg 1 0 0 1814 1209
p/weapons424.jpg 1 0 0 1024 1024
p/weapons423.jpg 1 0 0 1598 904
p/weapons421.jpg 1 0 0 3229 3229
p/weapons420.jpg 1 0 0 1280 720
p/weapons419.jpg 1 0 0 1300 1000
p/weapons418.jpg 1 0 0 1000 1000
p/weapons417.jpg 1 0 0 2048 1536
p/weapons416.jpg 1 0 0 1446 1442
p/weapons415.jpg 1 0 0 1500 1500
p/weapons414.jpg 1 0 0 1200 1095
p/weapons413.jpg 1 0 0 1500 1500
p/weapons412.jpg 1 0 0 2048 1536
p/weapons410.jpg 1 0 0 1000 1000
p/weapons409.jpg 1 0 0 1000 1000
p/weapons408.jpg 1 0 0 1200 900
p/weapons407.jpg 1 0 0 2465 1643
p/weapons406.jpg 1 0 0 800 800
p/weapons405.jpg 1 0 0 1536 1024
p/weapons404.jpg 1 0 0 1626 1080
p/weapons403.jpg 1 0 0 1280 1280
p/weapons402.jpg 1 0 0 1887 1253
p/weapons401.jpg 1 0 0 3000 3000
p/weapons399.jpg 1 0 0 1500 1000
p/weapons398.jpg 1 0 0 1600 1200
p/weapons397.jpg 1 0 0 2048 1536
p/weapons396.jpg 1 0 0 1715 1139
p/weapons395.jpg 1 0 0 1500 1125
p/weapons394.jpg 1 0 0 700 700
p/weapons393.jpg 1 0 0 1000 1000
p/weapons392.jpg 1 0 0 2448 1836
p/weapons391.jpg 1 0 0 1500 1362
p/weapons390.jpg 1 0 0 2448 1836
p/weapons388.jpg 1 0 0 1000 1000
p/weapons387.jpg 1 0 0 1491 1500
p/weapons386.jpg 1 0 0 1500 1015
p/weapons385.jpg 1 0 0 1500 1000
p/weapons384.jpg 1 0 0 1317 987
p/weapons383.jpg 1 0 0 1500 1500
p/weapons382.jpg 1 0 0 1800 1315
p/weapons381.jpg 1 0 0 3510 2970
p/weapons380.jpg 1 0 0 3000 3000
p/weapons379.jpg 1 0 0 1500 1500
p/weapons377.jpg 1 0 0 1500 1500
p/weapons376.jpg 1 0 0 3850 2839
p/weapons375.jpg 1 0 0 1000 1000
p/weapons374.jpg 1 0 0 3000 3000
p/weapons373.jpg 1 0 0 2207 2207